[debug] [2021-05-22T17:29:34.815Z] ----------------------------------------------------------------------
[debug] [2021-05-22T17:29:34.818Z] Command:       C:\Program Files\nodejs\node.exe C:\Users\shara\AppData\Roaming\npm\node_modules\firebase-tools\lib\bin\firebase.js serve
[debug] [2021-05-22T17:29:34.818Z] CLI Version:   9.2.1
[debug] [2021-05-22T17:29:34.818Z] Platform:      win32
[debug] [2021-05-22T17:29:34.818Z] Node Version:  v12.20.0
[debug] [2021-05-22T17:29:34.820Z] Time:          Sat May 22 2021 22:59:34 GMT+0530 (India Standard Time)
[debug] [2021-05-22T17:29:34.820Z] ----------------------------------------------------------------------
[debug] [2021-05-22T17:29:34.821Z] 
[debug] [2021-05-22T17:29:34.831Z] > command requires scopes: ["email","openid","https://www.googleapis.com/auth/cloudplatformprojects.readonly","https://www.googleapis.com/auth/firebase","https://www.googleapis.com/auth/cloud-platform"]
[debug] [2021-05-22T17:29:34.832Z] > authorizing via signed-in user
[debug] [2021-05-22T17:29:34.833Z] [iam] checking project my3dprints-f727e for permissions ["firebase.projects.get"]
[debug] [2021-05-22T17:29:34.836Z] > refreshing access token with scopes: ["email","https://www.googleapis.com/auth/cloud-platform","https://www.googleapis.com/auth/cloudplatformprojects.readonly","https://www.googleapis.com/auth/firebase","openid"]
[debug] [2021-05-22T17:29:34.837Z] >>> HTTP REQUEST POST https://www.googleapis.com/oauth2/v3/token  
 <request body omitted>
[debug] [2021-05-22T17:29:35.065Z] <<< HTTP RESPONSE 200 {"cache-control":"no-cache, no-store, max-age=0, must-revalidate","expires":"Mon, 01 Jan 1990 00:00:00 GMT","date":"Sat, 22 May 2021 17:29:58 GMT","pragma":"no-cache","content-type":"application/json; charset=utf-8","vary":"X-Origin, Referer, Origin,Accept-Encoding","server":"scaffolding on HTTPServer2","x-xss-protection":"0","x-frame-options":"SAMEORIGIN","x-content-type-options":"nosniff","alt-svc":"h3-29=\":443\"; ma=2592000,h3-T051=\":443\"; ma=2592000,h3-Q050=\":443\"; ma=2592000,h3-Q046=\":443\"; ma=2592000,h3-Q043=\":443\"; ma=2592000,quic=\":443\"; ma=2592000; v=\"46,43\"","accept-ranges":"none","transfer-encoding":"chunked"}
[debug] [2021-05-22T17:29:35.075Z] >>> HTTP REQUEST POST https://cloudresourcemanager.googleapis.com/v1/projects/my3dprints-f727e:testIamPermissions  
 {"permissions":["firebase.projects.get"]}
[debug] [2021-05-22T17:29:35.183Z] [iam] error while checking permissions, command may fail: FirebaseError: Server Error. read ECONNRESET
[debug] [2021-05-22T17:29:35.185Z] > refreshing access token with scopes: []
[debug] [2021-05-22T17:29:35.185Z] >>> HTTP REQUEST POST https://www.googleapis.com/oauth2/v3/token  
 <request body omitted>
[debug] [2021-05-22T17:29:35.336Z] <<< HTTP RESPONSE 200 {"date":"Sat, 22 May 2021 17:29:59 GMT","cache-control":"no-cache, no-store, max-age=0, must-revalidate","pragma":"no-cache","expires":"Mon, 01 Jan 1990 00:00:00 GMT","content-type":"application/json; charset=utf-8","vary":"X-Origin, Referer, Origin,Accept-Encoding","server":"scaffolding on HTTPServer2","x-xss-protection":"0","x-frame-options":"SAMEORIGIN","x-content-type-options":"nosniff","alt-svc":"h3-29=\":443\"; ma=2592000,h3-T051=\":443\"; ma=2592000,h3-Q050=\":443\"; ma=2592000,h3-Q046=\":443\"; ma=2592000,h3-Q043=\":443\"; ma=2592000,quic=\":443\"; ma=2592000; v=\"46,43\"","accept-ranges":"none","transfer-encoding":"chunked"}
[debug] [2021-05-22T17:29:35.354Z] >>> [apiv2][query] GET https://firebase.googleapis.com/v1beta1/projects/my3dprints-f727e [none]
[debug] [2021-05-22T17:29:35.429Z] Failed to make request to https://firebase.googleapis.com/v1beta1/projects/my3dprints-f727e
[debug] [2021-05-22T17:29:35.432Z] FirebaseError: Failed to make request to https://firebase.googleapis.com/v1beta1/projects/my3dprints-f727e
    at Client.doRequest (C:\Users\shara\AppData\Roaming\npm\node_modules\firebase-tools\lib\apiv2.js:193:19)
    at processTicksAndRejections (internal/process/task_queues.js:97:5)
[error] 
[error] Error: Failed to get Firebase project my3dprints-f727e. Please make sure the project exists and your account has permission to access it.
[debug] [2021-05-22T17:29:44.273Z] ----------------------------------------------------------------------
[debug] [2021-05-22T17:29:44.276Z] Command:       C:\Program Files\nodejs\node.exe C:\Users\shara\AppData\Roaming\npm\node_modules\firebase-tools\lib\bin\firebase.js serve
[debug] [2021-05-22T17:29:44.276Z] CLI Version:   9.2.1
[debug] [2021-05-22T17:29:44.276Z] Platform:      win32
[debug] [2021-05-22T17:29:44.277Z] Node Version:  v12.20.0
[debug] [2021-05-22T17:29:44.278Z] Time:          Sat May 22 2021 22:59:44 GMT+0530 (India Standard Time)
[debug] [2021-05-22T17:29:44.279Z] ----------------------------------------------------------------------
[debug] [2021-05-22T17:29:44.279Z] 
[debug] [2021-05-22T17:29:44.289Z] > command requires scopes: ["email","openid","https://www.googleapis.com/auth/cloudplatformprojects.readonly","https://www.googleapis.com/auth/firebase","https://www.googleapis.com/auth/cloud-platform"]
[debug] [2021-05-22T17:29:44.290Z] > authorizing via signed-in user
[debug] [2021-05-22T17:29:44.290Z] [iam] checking project my3dprints-f727e for permissions ["firebase.projects.get"]
[debug] [2021-05-22T17:29:44.294Z] > refreshing access token with scopes: ["email","https://www.googleapis.com/auth/cloud-platform","https://www.googleapis.com/auth/cloudplatformprojects.readonly","https://www.googleapis.com/auth/firebase","openid"]
[debug] [2021-05-22T17:29:44.295Z] >>> HTTP REQUEST POST https://www.googleapis.com/oauth2/v3/token  
 <request body omitted>
[debug] [2021-05-22T17:29:44.503Z] <<< HTTP RESPONSE 200 {"expires":"Mon, 01 Jan 1990 00:00:00 GMT","pragma":"no-cache","date":"Sat, 22 May 2021 17:30:08 GMT","cache-control":"no-cache, no-store, max-age=0, must-revalidate","content-type":"application/json; charset=utf-8","vary":"X-Origin, Referer, Origin,Accept-Encoding","server":"scaffolding on HTTPServer2","x-xss-protection":"0","x-frame-options":"SAMEORIGIN","x-content-type-options":"nosniff","alt-svc":"h3-29=\":443\"; ma=2592000,h3-T051=\":443\"; ma=2592000,h3-Q050=\":443\"; ma=2592000,h3-Q046=\":443\"; ma=2592000,h3-Q043=\":443\"; ma=2592000,quic=\":443\"; ma=2592000; v=\"46,43\"","accept-ranges":"none","transfer-encoding":"chunked"}
[debug] [2021-05-22T17:29:44.511Z] >>> HTTP REQUEST POST https://cloudresourcemanager.googleapis.com/v1/projects/my3dprints-f727e:testIamPermissions  
 {"permissions":["firebase.projects.get"]}
[debug] [2021-05-22T17:29:45.762Z] <<< HTTP RESPONSE 200 {"content-type":"application/json; charset=UTF-8","vary":"X-Origin, Referer, Origin,Accept-Encoding","date":"Sat, 22 May 2021 17:30:09 GMT","server":"ESF","cache-control":"private","x-xss-protection":"0","x-frame-options":"SAMEORIGIN","x-content-type-options":"nosniff","server-timing":"gfet4t7; dur=1143","alt-svc":"h3-29=\":443\"; ma=2592000,h3-T051=\":443\"; ma=2592000,h3-Q050=\":443\"; ma=2592000,h3-Q046=\":443\"; ma=2592000,h3-Q043=\":443\"; ma=2592000,quic=\":443\"; ma=2592000; v=\"46,43\"","accept-ranges":"none","transfer-encoding":"chunked"}
[debug] [2021-05-22T17:29:45.765Z] > refreshing access token with scopes: []
[debug] [2021-05-22T17:29:45.765Z] >>> HTTP REQUEST POST https://www.googleapis.com/oauth2/v3/token  
 <request body omitted>
[debug] [2021-05-22T17:29:45.927Z] <<< HTTP RESPONSE 200 {"cache-control":"no-cache, no-store, max-age=0, must-revalidate","pragma":"no-cache","date":"Sat, 22 May 2021 17:30:09 GMT","expires":"Mon, 01 Jan 1990 00:00:00 GMT","content-type":"application/json; charset=utf-8","vary":"X-Origin, Referer, Origin,Accept-Encoding","server":"scaffolding on HTTPServer2","x-xss-protection":"0","x-frame-options":"SAMEORIGIN","x-content-type-options":"nosniff","alt-svc":"h3-29=\":443\"; ma=2592000,h3-T051=\":443\"; ma=2592000,h3-Q050=\":443\"; ma=2592000,h3-Q046=\":443\"; ma=2592000,h3-Q043=\":443\"; ma=2592000,quic=\":443\"; ma=2592000; v=\"46,43\"","accept-ranges":"none","transfer-encoding":"chunked"}
[debug] [2021-05-22T17:29:45.944Z] >>> [apiv2][query] GET https://firebase.googleapis.com/v1beta1/projects/my3dprints-f727e [none]
[debug] [2021-05-22T17:29:45.995Z] Failed to make request to https://firebase.googleapis.com/v1beta1/projects/my3dprints-f727e
[debug] [2021-05-22T17:29:45.997Z] FirebaseError: Failed to make request to https://firebase.googleapis.com/v1beta1/projects/my3dprints-f727e
    at Client.doRequest (C:\Users\shara\AppData\Roaming\npm\node_modules\firebase-tools\lib\apiv2.js:193:19)
    at processTicksAndRejections (internal/process/task_queues.js:97:5)
[error] 
[error] Error: Failed to get Firebase project my3dprints-f727e. Please make sure the project exists and your account has permission to access it.
[debug] [2021-05-22T17:30:38.376Z] ----------------------------------------------------------------------
[debug] [2021-05-22T17:30:38.378Z] Command:       C:\Program Files\nodejs\node.exe C:\Users\shara\AppData\Roaming\npm\node_modules\firebase-tools\lib\bin\firebase.js serve
[debug] [2021-05-22T17:30:38.379Z] CLI Version:   9.2.1
[debug] [2021-05-22T17:30:38.379Z] Platform:      win32
[debug] [2021-05-22T17:30:38.379Z] Node Version:  v12.20.0
[debug] [2021-05-22T17:30:38.381Z] Time:          Sat May 22 2021 23:00:38 GMT+0530 (India Standard Time)
[debug] [2021-05-22T17:30:38.381Z] ----------------------------------------------------------------------
[debug] [2021-05-22T17:30:38.381Z] 
[debug] [2021-05-22T17:30:38.391Z] > command requires scopes: ["email","openid","https://www.googleapis.com/auth/cloudplatformprojects.readonly","https://www.googleapis.com/auth/firebase","https://www.googleapis.com/auth/cloud-platform"]
[debug] [2021-05-22T17:30:38.392Z] > authorizing via signed-in user
[debug] [2021-05-22T17:30:38.392Z] [iam] checking project my3dprints-f727e for permissions ["firebase.projects.get"]
[debug] [2021-05-22T17:30:38.395Z] > refreshing access token with scopes: ["email","https://www.googleapis.com/auth/cloud-platform","https://www.googleapis.com/auth/cloudplatformprojects.readonly","https://www.googleapis.com/auth/firebase","openid"]
[debug] [2021-05-22T17:30:38.396Z] >>> HTTP REQUEST POST https://www.googleapis.com/oauth2/v3/token  
 <request body omitted>
[debug] [2021-05-22T17:30:38.622Z] <<< HTTP RESPONSE 200 {"date":"Sat, 22 May 2021 17:31:02 GMT","pragma":"no-cache","expires":"Mon, 01 Jan 1990 00:00:00 GMT","cache-control":"no-cache, no-store, max-age=0, must-revalidate","content-type":"application/json; charset=utf-8","vary":"X-Origin, Referer, Origin,Accept-Encoding","server":"scaffolding on HTTPServer2","x-xss-protection":"0","x-frame-options":"SAMEORIGIN","x-content-type-options":"nosniff","alt-svc":"h3-29=\":443\"; ma=2592000,h3-T051=\":443\"; ma=2592000,h3-Q050=\":443\"; ma=2592000,h3-Q046=\":443\"; ma=2592000,h3-Q043=\":443\"; ma=2592000,quic=\":443\"; ma=2592000; v=\"46,43\"","accept-ranges":"none","transfer-encoding":"chunked"}
[debug] [2021-05-22T17:30:38.640Z] >>> HTTP REQUEST POST https://cloudresourcemanager.googleapis.com/v1/projects/my3dprints-f727e:testIamPermissions  
 {"permissions":["firebase.projects.get"]}
[debug] [2021-05-22T17:30:39.874Z] <<< HTTP RESPONSE 200 {"content-type":"application/json; charset=UTF-8","vary":"X-Origin, Referer, Origin,Accept-Encoding","date":"Sat, 22 May 2021 17:31:03 GMT","server":"ESF","cache-control":"private","x-xss-protection":"0","x-frame-options":"SAMEORIGIN","x-content-type-options":"nosniff","server-timing":"gfet4t7; dur=1136","alt-svc":"h3-29=\":443\"; ma=2592000,h3-T051=\":443\"; ma=2592000,h3-Q050=\":443\"; ma=2592000,h3-Q046=\":443\"; ma=2592000,h3-Q043=\":443\"; ma=2592000,quic=\":443\"; ma=2592000; v=\"46,43\"","accept-ranges":"none","transfer-encoding":"chunked"}
[debug] [2021-05-22T17:30:39.879Z] > refreshing access token with scopes: []
[debug] [2021-05-22T17:30:39.880Z] >>> HTTP REQUEST POST https://www.googleapis.com/oauth2/v3/token  
 <request body omitted>
[debug] [2021-05-22T17:30:39.936Z] Authentication Error: Your credentials are no longer valid. Please run firebase login --reauth

For CI servers and headless environments, generate a new token with firebase login:ci
[debug] [2021-05-22T17:30:39.938Z] FirebaseError: Authentication Error: Your credentials are no longer valid. Please run firebase login --reauth

For CI servers and headless environments, generate a new token with firebase login:ci
    at Object.<anonymous> (C:\Users\shara\AppData\Roaming\npm\node_modules\firebase-tools\lib\auth.js:23:32)
    at Module._compile (internal/modules/cjs/loader.js:999:30)
    at Object.Module._extensions..js (internal/modules/cjs/loader.js:1027:10)
    at Module.load (internal/modules/cjs/loader.js:863:32)
    at Function.Module._load (internal/modules/cjs/loader.js:708:14)
    at Module.require (internal/modules/cjs/loader.js:887:19)
    at require (internal/modules/cjs/helpers.js:74:18)
    at Object.<anonymous> (C:\Users\shara\AppData\Roaming\npm\node_modules\firebase-tools\lib\init\features\hosting\github.js:11:16)
    at Module._compile (internal/modules/cjs/loader.js:999:30)
    at Object.Module._extensions..js (internal/modules/cjs/loader.js:1027:10)
    at Module.load (internal/modules/cjs/loader.js:863:32)
    at Function.Module._load (internal/modules/cjs/loader.js:708:14)
    at Module.require (internal/modules/cjs/loader.js:887:19)
    at require (internal/modules/cjs/helpers.js:74:18)
    at Object.<anonymous> (C:\Users\shara\AppData\Roaming\npm\node_modules\firebase-tools\lib\init\features\hosting\index.js:5:24)
    at Module._compile (internal/modules/cjs/loader.js:999:30)
[error] 
[error] Error: Failed to get Firebase project my3dprints-f727e. Please make sure the project exists and your account has permission to access it.
[debug] [2021-05-22T17:30:44.921Z] ----------------------------------------------------------------------
[debug] [2021-05-22T17:30:44.923Z] Command:       C:\Program Files\nodejs\node.exe C:\Users\shara\AppData\Roaming\npm\node_modules\firebase-tools\lib\bin\firebase.js serve
[debug] [2021-05-22T17:30:44.924Z] CLI Version:   9.2.1
[debug] [2021-05-22T17:30:44.924Z] Platform:      win32
[debug] [2021-05-22T17:30:44.924Z] Node Version:  v12.20.0
[debug] [2021-05-22T17:30:44.926Z] Time:          Sat May 22 2021 23:00:44 GMT+0530 (India Standard Time)
[debug] [2021-05-22T17:30:44.926Z] ----------------------------------------------------------------------
[debug] [2021-05-22T17:30:44.926Z] 
[debug] [2021-05-22T17:30:44.936Z] > command requires scopes: ["email","openid","https://www.googleapis.com/auth/cloudplatformprojects.readonly","https://www.googleapis.com/auth/firebase","https://www.googleapis.com/auth/cloud-platform"]
[debug] [2021-05-22T17:30:44.937Z] > authorizing via signed-in user
[debug] [2021-05-22T17:30:44.938Z] [iam] checking project my3dprints-f727e for permissions ["firebase.projects.get"]
[debug] [2021-05-22T17:30:44.941Z] >>> HTTP REQUEST POST https://cloudresourcemanager.googleapis.com/v1/projects/my3dprints-f727e:testIamPermissions  
 {"permissions":["firebase.projects.get"]}
[debug] [2021-05-22T17:30:46.247Z] <<< HTTP RESPONSE 200 {"content-type":"application/json; charset=UTF-8","vary":"X-Origin, Referer, Origin,Accept-Encoding","date":"Sat, 22 May 2021 17:31:09 GMT","server":"ESF","cache-control":"private","x-xss-protection":"0","x-frame-options":"SAMEORIGIN","x-content-type-options":"nosniff","server-timing":"gfet4t7; dur=1145","alt-svc":"h3-29=\":443\"; ma=2592000,h3-T051=\":443\"; ma=2592000,h3-Q050=\":443\"; ma=2592000,h3-Q046=\":443\"; ma=2592000,h3-Q043=\":443\"; ma=2592000,quic=\":443\"; ma=2592000; v=\"46,43\"","accept-ranges":"none","transfer-encoding":"chunked"}
[debug] [2021-05-22T17:30:46.250Z] > refreshing access token with scopes: []
[debug] [2021-05-22T17:30:46.251Z] >>> HTTP REQUEST POST https://www.googleapis.com/oauth2/v3/token  
 <request body omitted>
[debug] [2021-05-22T17:30:46.417Z] <<< HTTP RESPONSE 200 {"pragma":"no-cache","cache-control":"no-cache, no-store, max-age=0, must-revalidate","expires":"Mon, 01 Jan 1990 00:00:00 GMT","date":"Sat, 22 May 2021 17:31:10 GMT","content-type":"application/json; charset=utf-8","vary":"X-Origin, Referer, Origin,Accept-Encoding","server":"scaffolding on HTTPServer2","x-xss-protection":"0","x-frame-options":"SAMEORIGIN","x-content-type-options":"nosniff","alt-svc":"h3-29=\":443\"; ma=2592000,h3-T051=\":443\"; ma=2592000,h3-Q050=\":443\"; ma=2592000,h3-Q046=\":443\"; ma=2592000,h3-Q043=\":443\"; ma=2592000,quic=\":443\"; ma=2592000; v=\"46,43\"","accept-ranges":"none","transfer-encoding":"chunked"}
[debug] [2021-05-22T17:30:46.432Z] >>> [apiv2][query] GET https://firebase.googleapis.com/v1beta1/projects/my3dprints-f727e [none]
[debug] [2021-05-22T17:30:46.821Z] <<< [apiv2][status] GET https://firebase.googleapis.com/v1beta1/projects/my3dprints-f727e 200
[debug] [2021-05-22T17:30:46.821Z] <<< [apiv2][body] GET https://firebase.googleapis.com/v1beta1/projects/my3dprints-f727e {"projectId":"my3dprints-f727e","projectNumber":"16001692881","displayName":"my3dprints","name":"projects/my3dprints-f727e","resources":{"hostingSite":"my3dprints-f727e","storageBucket":"my3dprints-f727e.appspot.com","locationId":"asia-northeast2"},"state":"ACTIVE"}
[info] 
[info] === Serving from 'F:\my3dp-projects'...
[info] 
[debug] [2021-05-22T17:30:46.827Z] >>> [apiv2][query] GET https://firebase.googleapis.com/v1beta1/projects/my3dprints-f727e/webApps/-/config [none]
[info] +  functions: Using node@12 from host. {"metadata":{"emulator":{"name":"functions"},"message":"Using node@12 from host."}}
[debug] [2021-05-22T17:30:46.847Z] defaultcredentials: writing to file C:\Users\shara\AppData\Roaming\firebase\sharankasandula_gmail_com_application_default_credentials.json
[debug] [2021-05-22T17:30:46.850Z] Setting GAC to C:\Users\shara\AppData\Roaming\firebase\sharankasandula_gmail_com_application_default_credentials.json {"metadata":{"emulator":{"name":"functions"},"message":"Setting GAC to C:\\Users\\shara\\AppData\\Roaming\\firebase\\sharankasandula_gmail_com_application_default_credentials.json"}}
[debug] [2021-05-22T17:30:46.851Z] >>> [apiv2][query] GET https://firebase.googleapis.com/v1beta1/projects/my3dprints-f727e/adminSdkConfig [none]
[debug] [2021-05-22T17:30:47.443Z] <<< [apiv2][status] GET https://firebase.googleapis.com/v1beta1/projects/my3dprints-f727e/adminSdkConfig 200
[debug] [2021-05-22T17:30:47.443Z] <<< [apiv2][body] GET https://firebase.googleapis.com/v1beta1/projects/my3dprints-f727e/adminSdkConfig {"projectId":"my3dprints-f727e","storageBucket":"my3dprints-f727e.appspot.com","locationId":"asia-northeast2"}
[debug] [2021-05-22T17:30:48.121Z] <<< [apiv2][status] GET https://firebase.googleapis.com/v1beta1/projects/my3dprints-f727e/webApps/-/config 200
[debug] [2021-05-22T17:30:48.121Z] <<< [apiv2][body] GET https://firebase.googleapis.com/v1beta1/projects/my3dprints-f727e/webApps/-/config {"projectId":"my3dprints-f727e","appId":"1:16001692881:web:b663d1a7d69073636201f0","storageBucket":"my3dprints-f727e.appspot.com","locationId":"asia-northeast2","apiKey":"AIzaSyBSyXeSfLruO0eD9EFtKTSyaqyyNt8iWTc","authDomain":"my3dprints-f727e.firebaseapp.com","messagingSenderId":"16001692881"}
[info] i  functions: Watching "F:\my3dp-projects\functions" for Cloud Functions... {"metadata":{"emulator":{"name":"functions"},"message":"Watching \"F:\\my3dp-projects\\functions\" for Cloud Functions..."}}
[debug] [2021-05-22T17:30:48.174Z] [worker-pool] addWorker(~diagnostic~) {"metadata":{"emulator":{"name":"functions"},"message":"[worker-pool] addWorker(~diagnostic~)"}}
[debug] [2021-05-22T17:30:48.174Z] [worker-pool] Adding worker with key ~diagnostic~, total=1 {"metadata":{"emulator":{"name":"functions"},"message":"[worker-pool] Adding worker with key ~diagnostic~, total=1"}}
[debug] [2021-05-22T17:30:48.175Z] [worker-pool] submitWork(triggerId=) {"metadata":{"emulator":{"name":"functions"},"message":"[worker-pool] submitWork(triggerId=)"}}
[debug] [2021-05-22T17:30:48.177Z] [worker-~diagnostic~-6db4ec82-a4f0-47bb-b904-2b1d25516e21]: Assigning socketPath: \\?\pipe\F:\my3dp-projects\functions\13464 {"metadata":{"emulator":{"name":"functions"},"message":"[worker-~diagnostic~-6db4ec82-a4f0-47bb-b904-2b1d25516e21]: Assigning socketPath: \\\\?\\pipe\\F:\\my3dp-projects\\functions\\13464"}}
[debug] [2021-05-22T17:30:48.178Z] [worker-~diagnostic~-6db4ec82-a4f0-47bb-b904-2b1d25516e21]: BUSY {"metadata":{"emulator":{"name":"functions"},"message":"[worker-~diagnostic~-6db4ec82-a4f0-47bb-b904-2b1d25516e21]: BUSY"}}
[info] i  hosting[my3dp-projects]: Serving hosting files from: dist/my3dp-projects {"metadata":{"emulator":{"name":"hosting"},"message":"Serving hosting files from: \u001b[1mdist/my3dp-projects\u001b[22m"}}
[info] +  hosting[my3dp-projects]: Local server: http://localhost:5000 {"metadata":{"emulator":{"name":"hosting"},"message":"Local server: \u001b[4m\u001b[1mhttp://localhost:5000\u001b[22m\u001b[24m"}}
[debug] [2021-05-22T17:30:48.543Z] [runtime-status] [13464] Functions runtime initialized. {"cwd":"F:\\my3dp-projects\\functions","node_version":"12.20.0"} {"metadata":{"emulator":{"name":"functions"},"message":"[runtime-status] [13464] Functions runtime initialized. {\"cwd\":\"F:\\\\my3dp-projects\\\\functions\",\"node_version\":\"12.20.0\"}"}}
[debug] [2021-05-22T17:30:48.544Z] [runtime-status] [13464] Disabled runtime features: undefined {"metadata":{"emulator":{"name":"functions"},"message":"[runtime-status] [13464] Disabled runtime features: undefined"}}
[debug] [2021-05-22T17:30:48.548Z] [runtime-status] [13464] Resolved module firebase-admin {"declared":true,"installed":true,"version":"9.8.0","resolution":"F:\\my3dp-projects\\functions\\node_modules\\firebase-admin\\lib\\index.js"} {"metadata":{"emulator":{"name":"functions"},"message":"[runtime-status] [13464] Resolved module firebase-admin {\"declared\":true,\"installed\":true,\"version\":\"9.8.0\",\"resolution\":\"F:\\\\my3dp-projects\\\\functions\\\\node_modules\\\\firebase-admin\\\\lib\\\\index.js\"}"}}
[debug] [2021-05-22T17:30:48.550Z] [runtime-status] [13464] Resolved module firebase-functions {"declared":true,"installed":true,"version":"3.14.1","resolution":"F:\\my3dp-projects\\functions\\node_modules\\firebase-functions\\lib\\index.js"} {"metadata":{"emulator":{"name":"functions"},"message":"[runtime-status] [13464] Resolved module firebase-functions {\"declared\":true,\"installed\":true,\"version\":\"3.14.1\",\"resolution\":\"F:\\\\my3dp-projects\\\\functions\\\\node_modules\\\\firebase-functions\\\\lib\\\\index.js\"}"}}
[debug] [2021-05-22T17:30:48.552Z] [runtime-status] [13464] Resolved module firebase-functions {"declared":true,"installed":true,"version":"3.14.1","resolution":"F:\\my3dp-projects\\functions\\node_modules\\firebase-functions\\lib\\index.js"} {"metadata":{"emulator":{"name":"functions"},"message":"[runtime-status] [13464] Resolved module firebase-functions {\"declared\":true,\"installed\":true,\"version\":\"3.14.1\",\"resolution\":\"F:\\\\my3dp-projects\\\\functions\\\\node_modules\\\\firebase-functions\\\\lib\\\\index.js\"}"}}
[debug] [2021-05-22T17:30:48.554Z] [runtime-status] [13464] Outgoing network have been stubbed. [{"name":"http","status":"mocked"},{"name":"http","status":"mocked"},{"name":"https","status":"mocked"},{"name":"https","status":"mocked"},{"name":"net","status":"mocked"}] {"metadata":{"emulator":{"name":"functions"},"message":"[runtime-status] [13464] Outgoing network have been stubbed. [{\"name\":\"http\",\"status\":\"mocked\"},{\"name\":\"http\",\"status\":\"mocked\"},{\"name\":\"https\",\"status\":\"mocked\"},{\"name\":\"https\",\"status\":\"mocked\"},{\"name\":\"net\",\"status\":\"mocked\"}]"}}
[debug] [2021-05-22T17:30:48.555Z] [runtime-status] [13464] Resolved module firebase-functions {"declared":true,"installed":true,"version":"3.14.1","resolution":"F:\\my3dp-projects\\functions\\node_modules\\firebase-functions\\lib\\index.js"} {"metadata":{"emulator":{"name":"functions"},"message":"[runtime-status] [13464] Resolved module firebase-functions {\"declared\":true,\"installed\":true,\"version\":\"3.14.1\",\"resolution\":\"F:\\\\my3dp-projects\\\\functions\\\\node_modules\\\\firebase-functions\\\\lib\\\\index.js\"}"}}
[debug] [2021-05-22T17:30:48.614Z] [runtime-status] [13464] Checked functions.config() {"config":{}} {"metadata":{"emulator":{"name":"functions"},"message":"[runtime-status] [13464] Checked functions.config() {\"config\":{}}"}}
[debug] [2021-05-22T17:30:48.615Z] [runtime-status] [13464] firebase-functions has been stubbed. {"functionsResolution":{"declared":true,"installed":true,"version":"3.14.1","resolution":"F:\\my3dp-projects\\functions\\node_modules\\firebase-functions\\lib\\index.js"}} {"metadata":{"emulator":{"name":"functions"},"message":"[runtime-status] [13464] firebase-functions has been stubbed. {\"functionsResolution\":{\"declared\":true,\"installed\":true,\"version\":\"3.14.1\",\"resolution\":\"F:\\\\my3dp-projects\\\\functions\\\\node_modules\\\\firebase-functions\\\\lib\\\\index.js\"}}"}}
[debug] [2021-05-22T17:30:48.616Z] [runtime-status] [13464] Resolved module firebase-functions {"declared":true,"installed":true,"version":"3.14.1","resolution":"F:\\my3dp-projects\\functions\\node_modules\\firebase-functions\\lib\\index.js"} {"metadata":{"emulator":{"name":"functions"},"message":"[runtime-status] [13464] Resolved module firebase-functions {\"declared\":true,\"installed\":true,\"version\":\"3.14.1\",\"resolution\":\"F:\\\\my3dp-projects\\\\functions\\\\node_modules\\\\firebase-functions\\\\lib\\\\index.js\"}"}}
[debug] [2021-05-22T17:30:48.617Z] [runtime-status] [13464] Resolved module firebase-admin {"declared":true,"installed":true,"version":"9.8.0","resolution":"F:\\my3dp-projects\\functions\\node_modules\\firebase-admin\\lib\\index.js"} {"metadata":{"emulator":{"name":"functions"},"message":"[runtime-status] [13464] Resolved module firebase-admin {\"declared\":true,\"installed\":true,\"version\":\"9.8.0\",\"resolution\":\"F:\\\\my3dp-projects\\\\functions\\\\node_modules\\\\firebase-admin\\\\lib\\\\index.js\"}"}}
[debug] [2021-05-22T17:30:48.618Z] [runtime-status] [13464] Resolved module firebase-functions {"declared":true,"installed":true,"version":"3.14.1","resolution":"F:\\my3dp-projects\\functions\\node_modules\\firebase-functions\\lib\\index.js"} {"metadata":{"emulator":{"name":"functions"},"message":"[runtime-status] [13464] Resolved module firebase-functions {\"declared\":true,\"installed\":true,\"version\":\"3.14.1\",\"resolution\":\"F:\\\\my3dp-projects\\\\functions\\\\node_modules\\\\firebase-functions\\\\lib\\\\index.js\"}"}}
[debug] [2021-05-22T17:30:48.618Z] [runtime-status] [13464] firebase-admin has been stubbed. {"adminResolution":{"declared":true,"installed":true,"version":"9.8.0","resolution":"F:\\my3dp-projects\\functions\\node_modules\\firebase-admin\\lib\\index.js"}} {"metadata":{"emulator":{"name":"functions"},"message":"[runtime-status] [13464] firebase-admin has been stubbed. {\"adminResolution\":{\"declared\":true,\"installed\":true,\"version\":\"9.8.0\",\"resolution\":\"F:\\\\my3dp-projects\\\\functions\\\\node_modules\\\\firebase-admin\\\\lib\\\\index.js\"}}"}}
[info] +  functions[scraper]: http function initialized (http://localhost:5001/my3dprints-f727e/us-central1/scraper). {"metadata":{"emulator":{"name":"functions"},"message":"\u001b[1mhttp\u001b[22m function initialized (http://localhost:5001/my3dprints-f727e/us-central1/scraper)."}}
[debug] [2021-05-22T17:30:48.757Z] [worker-~diagnostic~-6db4ec82-a4f0-47bb-b904-2b1d25516e21]: IDLE {"metadata":{"emulator":{"name":"functions"},"message":"[worker-~diagnostic~-6db4ec82-a4f0-47bb-b904-2b1d25516e21]: IDLE"}}
[debug] [2021-05-22T17:31:24.643Z] [work-queue] {"queueLength":1,"workRunningCount":0}
[debug] [2021-05-22T17:31:24.644Z] [work-queue] {"queueLength":0,"workRunningCount":1}
[debug] [2021-05-22T17:31:24.646Z] Accepted request POST /my3dprints-f727e/us-central1/scraper --> scraper
[debug] [2021-05-22T17:31:24.654Z] [worker-pool] addWorker(scraper) {"metadata":{"emulator":{"name":"functions"},"message":"[worker-pool] addWorker(scraper)"}}
[debug] [2021-05-22T17:31:24.655Z] [worker-pool] Adding worker with key scraper, total=1 {"metadata":{"emulator":{"name":"functions"},"message":"[worker-pool] Adding worker with key scraper, total=1"}}
[debug] [2021-05-22T17:31:24.655Z] [worker-pool] submitWork(triggerId=scraper) {"metadata":{"emulator":{"name":"functions"},"message":"[worker-pool] submitWork(triggerId=scraper)"}}
[debug] [2021-05-22T17:31:24.655Z] [worker-scraper-f05d41f9-e94d-43d4-9856-564814dba0c5]: Assigning socketPath: \\?\pipe\F:\my3dp-projects\functions\8968 {"metadata":{"emulator":{"name":"functions"},"message":"[worker-scraper-f05d41f9-e94d-43d4-9856-564814dba0c5]: Assigning socketPath: \\\\?\\pipe\\F:\\my3dp-projects\\functions\\8968"}}
[debug] [2021-05-22T17:31:24.655Z] [worker-scraper-f05d41f9-e94d-43d4-9856-564814dba0c5]: BUSY {"metadata":{"emulator":{"name":"functions"},"message":"[worker-scraper-f05d41f9-e94d-43d4-9856-564814dba0c5]: BUSY"}}
[debug] [2021-05-22T17:31:24.922Z] [runtime-status] [8968] Functions runtime initialized. {"cwd":"F:\\my3dp-projects\\functions","node_version":"12.20.0"} {"metadata":{"emulator":{"name":"functions"},"function":{"name":"scraper"},"message":"[runtime-status] [8968] Functions runtime initialized. {\"cwd\":\"F:\\\\my3dp-projects\\\\functions\",\"node_version\":\"12.20.0\"}"}}
[debug] [2021-05-22T17:31:24.923Z] [runtime-status] [8968] Disabled runtime features: undefined {"metadata":{"emulator":{"name":"functions"},"function":{"name":"scraper"},"message":"[runtime-status] [8968] Disabled runtime features: undefined"}}
[debug] [2021-05-22T17:31:24.927Z] [runtime-status] [8968] Resolved module firebase-admin {"declared":true,"installed":true,"version":"9.8.0","resolution":"F:\\my3dp-projects\\functions\\node_modules\\firebase-admin\\lib\\index.js"} {"metadata":{"emulator":{"name":"functions"},"function":{"name":"scraper"},"message":"[runtime-status] [8968] Resolved module firebase-admin {\"declared\":true,\"installed\":true,\"version\":\"9.8.0\",\"resolution\":\"F:\\\\my3dp-projects\\\\functions\\\\node_modules\\\\firebase-admin\\\\lib\\\\index.js\"}"}}
[debug] [2021-05-22T17:31:24.929Z] [runtime-status] [8968] Resolved module firebase-functions {"declared":true,"installed":true,"version":"3.14.1","resolution":"F:\\my3dp-projects\\functions\\node_modules\\firebase-functions\\lib\\index.js"} {"metadata":{"emulator":{"name":"functions"},"function":{"name":"scraper"},"message":"[runtime-status] [8968] Resolved module firebase-functions {\"declared\":true,\"installed\":true,\"version\":\"3.14.1\",\"resolution\":\"F:\\\\my3dp-projects\\\\functions\\\\node_modules\\\\firebase-functions\\\\lib\\\\index.js\"}"}}
[debug] [2021-05-22T17:31:24.930Z] [runtime-status] [8968] Resolved module firebase-functions {"declared":true,"installed":true,"version":"3.14.1","resolution":"F:\\my3dp-projects\\functions\\node_modules\\firebase-functions\\lib\\index.js"} {"metadata":{"emulator":{"name":"functions"},"function":{"name":"scraper"},"message":"[runtime-status] [8968] Resolved module firebase-functions {\"declared\":true,\"installed\":true,\"version\":\"3.14.1\",\"resolution\":\"F:\\\\my3dp-projects\\\\functions\\\\node_modules\\\\firebase-functions\\\\lib\\\\index.js\"}"}}
[debug] [2021-05-22T17:31:24.933Z] [runtime-status] [8968] Outgoing network have been stubbed. [{"name":"http","status":"mocked"},{"name":"http","status":"mocked"},{"name":"https","status":"mocked"},{"name":"https","status":"mocked"},{"name":"net","status":"mocked"}] {"metadata":{"emulator":{"name":"functions"},"function":{"name":"scraper"},"message":"[runtime-status] [8968] Outgoing network have been stubbed. [{\"name\":\"http\",\"status\":\"mocked\"},{\"name\":\"http\",\"status\":\"mocked\"},{\"name\":\"https\",\"status\":\"mocked\"},{\"name\":\"https\",\"status\":\"mocked\"},{\"name\":\"net\",\"status\":\"mocked\"}]"}}
[debug] [2021-05-22T17:31:24.934Z] [runtime-status] [8968] Resolved module firebase-functions {"declared":true,"installed":true,"version":"3.14.1","resolution":"F:\\my3dp-projects\\functions\\node_modules\\firebase-functions\\lib\\index.js"} {"metadata":{"emulator":{"name":"functions"},"function":{"name":"scraper"},"message":"[runtime-status] [8968] Resolved module firebase-functions {\"declared\":true,\"installed\":true,\"version\":\"3.14.1\",\"resolution\":\"F:\\\\my3dp-projects\\\\functions\\\\node_modules\\\\firebase-functions\\\\lib\\\\index.js\"}"}}
[debug] [2021-05-22T17:31:24.993Z] [runtime-status] [8968] Checked functions.config() {"config":{}} {"metadata":{"emulator":{"name":"functions"},"function":{"name":"scraper"},"message":"[runtime-status] [8968] Checked functions.config() {\"config\":{}}"}}
[debug] [2021-05-22T17:31:24.993Z] [runtime-status] [8968] firebase-functions has been stubbed. {"functionsResolution":{"declared":true,"installed":true,"version":"3.14.1","resolution":"F:\\my3dp-projects\\functions\\node_modules\\firebase-functions\\lib\\index.js"}} {"metadata":{"emulator":{"name":"functions"},"function":{"name":"scraper"},"message":"[runtime-status] [8968] firebase-functions has been stubbed. {\"functionsResolution\":{\"declared\":true,\"installed\":true,\"version\":\"3.14.1\",\"resolution\":\"F:\\\\my3dp-projects\\\\functions\\\\node_modules\\\\firebase-functions\\\\lib\\\\index.js\"}}"}}
[debug] [2021-05-22T17:31:24.994Z] [runtime-status] [8968] Resolved module firebase-functions {"declared":true,"installed":true,"version":"3.14.1","resolution":"F:\\my3dp-projects\\functions\\node_modules\\firebase-functions\\lib\\index.js"} {"metadata":{"emulator":{"name":"functions"},"function":{"name":"scraper"},"message":"[runtime-status] [8968] Resolved module firebase-functions {\"declared\":true,\"installed\":true,\"version\":\"3.14.1\",\"resolution\":\"F:\\\\my3dp-projects\\\\functions\\\\node_modules\\\\firebase-functions\\\\lib\\\\index.js\"}"}}
[debug] [2021-05-22T17:31:24.995Z] [runtime-status] [8968] Resolved module firebase-admin {"declared":true,"installed":true,"version":"9.8.0","resolution":"F:\\my3dp-projects\\functions\\node_modules\\firebase-admin\\lib\\index.js"} {"metadata":{"emulator":{"name":"functions"},"function":{"name":"scraper"},"message":"[runtime-status] [8968] Resolved module firebase-admin {\"declared\":true,\"installed\":true,\"version\":\"9.8.0\",\"resolution\":\"F:\\\\my3dp-projects\\\\functions\\\\node_modules\\\\firebase-admin\\\\lib\\\\index.js\"}"}}
[debug] [2021-05-22T17:31:24.996Z] [runtime-status] [8968] Resolved module firebase-functions {"declared":true,"installed":true,"version":"3.14.1","resolution":"F:\\my3dp-projects\\functions\\node_modules\\firebase-functions\\lib\\index.js"} {"metadata":{"emulator":{"name":"functions"},"function":{"name":"scraper"},"message":"[runtime-status] [8968] Resolved module firebase-functions {\"declared\":true,\"installed\":true,\"version\":\"3.14.1\",\"resolution\":\"F:\\\\my3dp-projects\\\\functions\\\\node_modules\\\\firebase-functions\\\\lib\\\\index.js\"}"}}
[debug] [2021-05-22T17:31:24.996Z] [runtime-status] [8968] firebase-admin has been stubbed. {"adminResolution":{"declared":true,"installed":true,"version":"9.8.0","resolution":"F:\\my3dp-projects\\functions\\node_modules\\firebase-admin\\lib\\index.js"}} {"metadata":{"emulator":{"name":"functions"},"function":{"name":"scraper"},"message":"[runtime-status] [8968] firebase-admin has been stubbed. {\"adminResolution\":{\"declared\":true,\"installed\":true,\"version\":\"9.8.0\",\"resolution\":\"F:\\\\my3dp-projects\\\\functions\\\\node_modules\\\\firebase-admin\\\\lib\\\\index.js\"}}"}}
[debug] [2021-05-22T17:31:25.123Z] [runtime-status] [8968] Trigger "scraper" has been found, beginning invocation! {"metadata":{"emulator":{"name":"functions"},"function":{"name":"scraper"},"message":"[runtime-status] [8968] Trigger \"scraper\" has been found, beginning invocation!"}}
[info] i  functions: Beginning execution of "scraper" {"metadata":{"emulator":{"name":"functions"},"function":{"name":"scraper"},"message":"Beginning execution of \"scraper\""}}
[debug] [2021-05-22T17:31:25.125Z] [runtime-status] [8968] triggerDefinition {"httpsTrigger":{},"name":"scraper","entryPoint":"scraper"} {"metadata":{"emulator":{"name":"functions"},"function":{"name":"scraper"},"message":"[runtime-status] [8968] triggerDefinition {\"httpsTrigger\":{},\"name\":\"scraper\",\"entryPoint\":\"scraper\"}"}}
[debug] [2021-05-22T17:31:25.125Z] [runtime-status] [8968] Running scraper in mode HTTPS {"metadata":{"emulator":{"name":"functions"},"function":{"name":"scraper"},"message":"[runtime-status] [8968] Running scraper in mode HTTPS"}}
[debug] [2021-05-22T17:31:25.132Z] [runtime-status] [8968] Attempting to listen to socketPath: \\?\pipe\F:\my3dp-projects\functions\8968 {"metadata":{"emulator":{"name":"functions"},"function":{"name":"scraper"},"message":"[runtime-status] [8968] Attempting to listen to socketPath: \\\\?\\pipe\\F:\\my3dp-projects\\functions\\8968"}}
[debug] [2021-05-22T17:31:25.137Z] [functions] Runtime ready! Sending request! {"metadata":{"emulator":{"name":"functions"},"message":"[functions] Runtime ready! Sending request!"}}
[debug] [2021-05-22T17:31:25.139Z] [functions] Got req.url=/my3dprints-f727e/us-central1/scraper, mapping to path=/ {"metadata":{"emulator":{"name":"functions"},"message":"[functions] Got req.url=/my3dprints-f727e/us-central1/scraper, mapping to path=/"}}
[debug] [2021-05-22T17:31:25.193Z] [runtime-status] [8968] Ephemeral server handling POST request {"metadata":{"emulator":{"name":"functions"},"function":{"name":"scraper"},"message":"[runtime-status] [8968] Ephemeral server handling POST request"}}
[debug] [2021-05-22T17:31:25.197Z] [runtime-status] [8968] Ephemeral server survived. {"metadata":{"emulator":{"name":"functions"},"function":{"name":"scraper"},"message":"[runtime-status] [8968] Ephemeral server survived."}}
[info] >  [ {"user":"[","metadata":{"emulator":{"name":"functions"},"function":{"name":"scraper"},"message":"\u001b[90m> \u001b[39m ["}}
[info] >    'https://cdn.thingiverse.com/assets/00/52/8a/83/4a/featured_preview_WhatsApp_Image_2021-04-25_at_19.52.25.jpeg', {"user":"  'https://cdn.thingiverse.com/assets/00/52/8a/83/4a/featured_preview_WhatsApp_Image_2021-04-25_at_19.52.25.jpeg',","metadata":{"emulator":{"name":"functions"},"function":{"name":"scraper"},"message":"\u001b[90m> \u001b[39m   'https://cdn.thingiverse.com/assets/00/52/8a/83/4a/featured_preview_WhatsApp_Image_2021-04-25_at_19.52.25.jpeg',"}}
[info] >    'https://cdn.thingiverse.com/assets/44/33/25/94/20/featured_preview_WhatsApp_Image_2021-04-25_at_19.52.25_1.jpeg', {"user":"  'https://cdn.thingiverse.com/assets/44/33/25/94/20/featured_preview_WhatsApp_Image_2021-04-25_at_19.52.25_1.jpeg',","metadata":{"emulator":{"name":"functions"},"function":{"name":"scraper"},"message":"\u001b[90m> \u001b[39m   'https://cdn.thingiverse.com/assets/44/33/25/94/20/featured_preview_WhatsApp_Image_2021-04-25_at_19.52.25_1.jpeg',"}}
[info] >    'https://cdn.thingiverse.com/assets/33/22/7d/a0/e8/featured_preview_WhatsApp_Image_2021-04-25_at_19.52.24_1.jpeg', {"user":"  'https://cdn.thingiverse.com/assets/33/22/7d/a0/e8/featured_preview_WhatsApp_Image_2021-04-25_at_19.52.24_1.jpeg',","metadata":{"emulator":{"name":"functions"},"function":{"name":"scraper"},"message":"\u001b[90m> \u001b[39m   'https://cdn.thingiverse.com/assets/33/22/7d/a0/e8/featured_preview_WhatsApp_Image_2021-04-25_at_19.52.24_1.jpeg',"}}
[info] >    'https://cdn.thingiverse.com/assets/4d/20/4f/9a/fc/featured_preview_WhatsApp_Image_2021-04-25_at_19.52.24.jpeg', {"user":"  'https://cdn.thingiverse.com/assets/4d/20/4f/9a/fc/featured_preview_WhatsApp_Image_2021-04-25_at_19.52.24.jpeg',","metadata":{"emulator":{"name":"functions"},"function":{"name":"scraper"},"message":"\u001b[90m> \u001b[39m   'https://cdn.thingiverse.com/assets/4d/20/4f/9a/fc/featured_preview_WhatsApp_Image_2021-04-25_at_19.52.24.jpeg',"}}
[info] >    'https://cdn.thingiverse.com/assets/4d/10/43/6c/7a/featured_preview_drilling_guide.png' {"user":"  'https://cdn.thingiverse.com/assets/4d/10/43/6c/7a/featured_preview_drilling_guide.png'","metadata":{"emulator":{"name":"functions"},"function":{"name":"scraper"},"message":"\u001b[90m> \u001b[39m   'https://cdn.thingiverse.com/assets/4d/10/43/6c/7a/featured_preview_drilling_guide.png'"}}
[info] >  ] {"user":"]","metadata":{"emulator":{"name":"functions"},"function":{"name":"scraper"},"message":"\u001b[90m> \u001b[39m ]"}}
[info] i  functions: Finished "scraper" in ~5s {"metadata":{"emulator":{"name":"functions"},"function":{"name":"scraper"},"message":"Finished \"scraper\" in ~5s"}}
[debug] [2021-05-22T17:31:30.785Z] [worker-scraper-f05d41f9-e94d-43d4-9856-564814dba0c5]: IDLE {"metadata":{"emulator":{"name":"functions"},"message":"[worker-scraper-f05d41f9-e94d-43d4-9856-564814dba0c5]: IDLE"}}
[debug] [2021-05-22T17:31:30.786Z] [work-queue] {"queueLength":0,"workRunningCount":0}
[debug] [2021-05-22T17:39:51.373Z] File F:\my3dp-projects\functions\index.js changed, reloading triggers {"metadata":{"emulator":{"name":"functions"},"message":"File F:\\my3dp-projects\\functions\\index.js changed, reloading triggers"}}
[debug] [2021-05-22T17:39:52.387Z] [worker-pool] Shutting down IDLE worker (~diagnostic~) {"metadata":{"emulator":{"name":"functions"},"message":"[worker-pool] Shutting down IDLE worker (~diagnostic~)"}}
[debug] [2021-05-22T17:39:52.388Z] [worker-~diagnostic~-6db4ec82-a4f0-47bb-b904-2b1d25516e21]: FINISHING {"metadata":{"emulator":{"name":"functions"},"message":"[worker-~diagnostic~-6db4ec82-a4f0-47bb-b904-2b1d25516e21]: FINISHING"}}
[debug] [2021-05-22T17:39:52.388Z] [worker-pool] Shutting down IDLE worker (scraper) {"metadata":{"emulator":{"name":"functions"},"message":"[worker-pool] Shutting down IDLE worker (scraper)"}}
[debug] [2021-05-22T17:39:52.389Z] [worker-scraper-f05d41f9-e94d-43d4-9856-564814dba0c5]: FINISHING {"metadata":{"emulator":{"name":"functions"},"message":"[worker-scraper-f05d41f9-e94d-43d4-9856-564814dba0c5]: FINISHING"}}
[debug] [2021-05-22T17:39:52.402Z] [worker-pool] addWorker(~diagnostic~) {"metadata":{"emulator":{"name":"functions"},"message":"[worker-pool] addWorker(~diagnostic~)"}}
[debug] [2021-05-22T17:39:52.402Z] [worker-pool] Adding worker with key ~diagnostic~, total=2 {"metadata":{"emulator":{"name":"functions"},"message":"[worker-pool] Adding worker with key ~diagnostic~, total=2"}}
[debug] [2021-05-22T17:39:52.403Z] [worker-pool] submitWork(triggerId=) {"metadata":{"emulator":{"name":"functions"},"message":"[worker-pool] submitWork(triggerId=)"}}
[debug] [2021-05-22T17:39:52.403Z] [worker-~diagnostic~-e1bdb639-e05c-4b3a-a94c-17c9d31e36a2]: Assigning socketPath: \\?\pipe\F:\my3dp-projects\functions\18656 {"metadata":{"emulator":{"name":"functions"},"message":"[worker-~diagnostic~-e1bdb639-e05c-4b3a-a94c-17c9d31e36a2]: Assigning socketPath: \\\\?\\pipe\\F:\\my3dp-projects\\functions\\18656"}}
[debug] [2021-05-22T17:39:52.403Z] [worker-~diagnostic~-e1bdb639-e05c-4b3a-a94c-17c9d31e36a2]: BUSY {"metadata":{"emulator":{"name":"functions"},"message":"[worker-~diagnostic~-e1bdb639-e05c-4b3a-a94c-17c9d31e36a2]: BUSY"}}
[debug] [2021-05-22T17:39:52.406Z] [worker-scraper-f05d41f9-e94d-43d4-9856-564814dba0c5]: exited {"metadata":{"emulator":{"name":"functions"},"message":"[worker-scraper-f05d41f9-e94d-43d4-9856-564814dba0c5]: exited"}}
[debug] [2021-05-22T17:39:52.406Z] [worker-scraper-f05d41f9-e94d-43d4-9856-564814dba0c5]: FINISHED {"metadata":{"emulator":{"name":"functions"},"message":"[worker-scraper-f05d41f9-e94d-43d4-9856-564814dba0c5]: FINISHED"}}
[debug] [2021-05-22T17:39:52.407Z] [worker-~diagnostic~-6db4ec82-a4f0-47bb-b904-2b1d25516e21]: exited {"metadata":{"emulator":{"name":"functions"},"message":"[worker-~diagnostic~-6db4ec82-a4f0-47bb-b904-2b1d25516e21]: exited"}}
[debug] [2021-05-22T17:39:52.407Z] [worker-~diagnostic~-6db4ec82-a4f0-47bb-b904-2b1d25516e21]: FINISHED {"metadata":{"emulator":{"name":"functions"},"message":"[worker-~diagnostic~-6db4ec82-a4f0-47bb-b904-2b1d25516e21]: FINISHED"}}
[debug] [2021-05-22T17:39:52.870Z] [runtime-status] [18656] Functions runtime initialized. {"cwd":"F:\\my3dp-projects\\functions","node_version":"12.20.0"} {"metadata":{"emulator":{"name":"functions"},"message":"[runtime-status] [18656] Functions runtime initialized. {\"cwd\":\"F:\\\\my3dp-projects\\\\functions\",\"node_version\":\"12.20.0\"}"}}
[debug] [2021-05-22T17:39:52.876Z] [runtime-status] [18656] Disabled runtime features: undefined {"metadata":{"emulator":{"name":"functions"},"message":"[runtime-status] [18656] Disabled runtime features: undefined"}}
[debug] [2021-05-22T17:39:52.890Z] [runtime-status] [18656] Resolved module firebase-admin {"declared":true,"installed":true,"version":"9.8.0","resolution":"F:\\my3dp-projects\\functions\\node_modules\\firebase-admin\\lib\\index.js"} {"metadata":{"emulator":{"name":"functions"},"message":"[runtime-status] [18656] Resolved module firebase-admin {\"declared\":true,\"installed\":true,\"version\":\"9.8.0\",\"resolution\":\"F:\\\\my3dp-projects\\\\functions\\\\node_modules\\\\firebase-admin\\\\lib\\\\index.js\"}"}}
[debug] [2021-05-22T17:39:52.895Z] [runtime-status] [18656] Resolved module firebase-functions {"declared":true,"installed":true,"version":"3.14.1","resolution":"F:\\my3dp-projects\\functions\\node_modules\\firebase-functions\\lib\\index.js"} {"metadata":{"emulator":{"name":"functions"},"message":"[runtime-status] [18656] Resolved module firebase-functions {\"declared\":true,\"installed\":true,\"version\":\"3.14.1\",\"resolution\":\"F:\\\\my3dp-projects\\\\functions\\\\node_modules\\\\firebase-functions\\\\lib\\\\index.js\"}"}}
[debug] [2021-05-22T17:39:52.906Z] [runtime-status] [18656] Resolved module firebase-functions {"declared":true,"installed":true,"version":"3.14.1","resolution":"F:\\my3dp-projects\\functions\\node_modules\\firebase-functions\\lib\\index.js"} {"metadata":{"emulator":{"name":"functions"},"message":"[runtime-status] [18656] Resolved module firebase-functions {\"declared\":true,\"installed\":true,\"version\":\"3.14.1\",\"resolution\":\"F:\\\\my3dp-projects\\\\functions\\\\node_modules\\\\firebase-functions\\\\lib\\\\index.js\"}"}}
[debug] [2021-05-22T17:39:52.913Z] [runtime-status] [18656] Outgoing network have been stubbed. [{"name":"http","status":"mocked"},{"name":"http","status":"mocked"},{"name":"https","status":"mocked"},{"name":"https","status":"mocked"},{"name":"net","status":"mocked"}] {"metadata":{"emulator":{"name":"functions"},"message":"[runtime-status] [18656] Outgoing network have been stubbed. [{\"name\":\"http\",\"status\":\"mocked\"},{\"name\":\"http\",\"status\":\"mocked\"},{\"name\":\"https\",\"status\":\"mocked\"},{\"name\":\"https\",\"status\":\"mocked\"},{\"name\":\"net\",\"status\":\"mocked\"}]"}}
[debug] [2021-05-22T17:39:52.917Z] [runtime-status] [18656] Resolved module firebase-functions {"declared":true,"installed":true,"version":"3.14.1","resolution":"F:\\my3dp-projects\\functions\\node_modules\\firebase-functions\\lib\\index.js"} {"metadata":{"emulator":{"name":"functions"},"message":"[runtime-status] [18656] Resolved module firebase-functions {\"declared\":true,\"installed\":true,\"version\":\"3.14.1\",\"resolution\":\"F:\\\\my3dp-projects\\\\functions\\\\node_modules\\\\firebase-functions\\\\lib\\\\index.js\"}"}}
[debug] [2021-05-22T17:39:53.079Z] [runtime-status] [18656] Checked functions.config() {"config":{}} {"metadata":{"emulator":{"name":"functions"},"message":"[runtime-status] [18656] Checked functions.config() {\"config\":{}}"}}
[debug] [2021-05-22T17:39:53.080Z] [runtime-status] [18656] firebase-functions has been stubbed. {"functionsResolution":{"declared":true,"installed":true,"version":"3.14.1","resolution":"F:\\my3dp-projects\\functions\\node_modules\\firebase-functions\\lib\\index.js"}} {"metadata":{"emulator":{"name":"functions"},"message":"[runtime-status] [18656] firebase-functions has been stubbed. {\"functionsResolution\":{\"declared\":true,\"installed\":true,\"version\":\"3.14.1\",\"resolution\":\"F:\\\\my3dp-projects\\\\functions\\\\node_modules\\\\firebase-functions\\\\lib\\\\index.js\"}}"}}
[debug] [2021-05-22T17:39:53.081Z] [runtime-status] [18656] Resolved module firebase-functions {"declared":true,"installed":true,"version":"3.14.1","resolution":"F:\\my3dp-projects\\functions\\node_modules\\firebase-functions\\lib\\index.js"} {"metadata":{"emulator":{"name":"functions"},"message":"[runtime-status] [18656] Resolved module firebase-functions {\"declared\":true,\"installed\":true,\"version\":\"3.14.1\",\"resolution\":\"F:\\\\my3dp-projects\\\\functions\\\\node_modules\\\\firebase-functions\\\\lib\\\\index.js\"}"}}
[debug] [2021-05-22T17:39:53.083Z] [runtime-status] [18656] Resolved module firebase-admin {"declared":true,"installed":true,"version":"9.8.0","resolution":"F:\\my3dp-projects\\functions\\node_modules\\firebase-admin\\lib\\index.js"} {"metadata":{"emulator":{"name":"functions"},"message":"[runtime-status] [18656] Resolved module firebase-admin {\"declared\":true,\"installed\":true,\"version\":\"9.8.0\",\"resolution\":\"F:\\\\my3dp-projects\\\\functions\\\\node_modules\\\\firebase-admin\\\\lib\\\\index.js\"}"}}
[debug] [2021-05-22T17:39:53.088Z] [runtime-status] [18656] Resolved module firebase-functions {"declared":true,"installed":true,"version":"3.14.1","resolution":"F:\\my3dp-projects\\functions\\node_modules\\firebase-functions\\lib\\index.js"} {"metadata":{"emulator":{"name":"functions"},"message":"[runtime-status] [18656] Resolved module firebase-functions {\"declared\":true,\"installed\":true,\"version\":\"3.14.1\",\"resolution\":\"F:\\\\my3dp-projects\\\\functions\\\\node_modules\\\\firebase-functions\\\\lib\\\\index.js\"}"}}
[debug] [2021-05-22T17:39:53.089Z] [runtime-status] [18656] firebase-admin has been stubbed. {"adminResolution":{"declared":true,"installed":true,"version":"9.8.0","resolution":"F:\\my3dp-projects\\functions\\node_modules\\firebase-admin\\lib\\index.js"}} {"metadata":{"emulator":{"name":"functions"},"message":"[runtime-status] [18656] firebase-admin has been stubbed. {\"adminResolution\":{\"declared\":true,\"installed\":true,\"version\":\"9.8.0\",\"resolution\":\"F:\\\\my3dp-projects\\\\functions\\\\node_modules\\\\firebase-admin\\\\lib\\\\index.js\"}}"}}
[warn] !  F:\my3dp-projects\functions\index.js:26
    const data['images'] = await page.evaluate( () => {
          ^

SyntaxError: Identifier 'data' has already been declared
    at wrapSafe (internal/modules/cjs/loader.js:915:16)
    at Module._compile (internal/modules/cjs/loader.js:963:27)
    at Object.Module._extensions..js (internal/modules/cjs/loader.js:1027:10)
    at Module.load (internal/modules/cjs/loader.js:863:32)
    at Function.Module._load (internal/modules/cjs/loader.js:708:14)
    at Module.require (internal/modules/cjs/loader.js:887:19)
    at require (internal/modules/cjs/helpers.js:74:18)
    at initializeRuntime (C:\Users\shara\AppData\Roaming\npm\node_modules\firebase-tools\lib\emulator\functionsEmulatorRuntime.js:676:29)
    at processTicksAndRejections (internal/process/task_queues.js:97:5)
    at async handleMessage (C:\Users\shara\AppData\Roaming\npm\node_modules\firebase-tools\lib\emulator\functionsEmulatorRuntime.js:714:20) {"metadata":{"emulator":{"name":"functions"},"message":"F:\\my3dp-projects\\functions\\index.js:26\n    const data['images'] = await page.evaluate( () => {\n          ^\n\nSyntaxError: Identifier 'data' has already been declared\n    at wrapSafe (internal/modules/cjs/loader.js:915:16)\n    at Module._compile (internal/modules/cjs/loader.js:963:27)\n    at Object.Module._extensions..js (internal/modules/cjs/loader.js:1027:10)\n    at Module.load (internal/modules/cjs/loader.js:863:32)\n    at Function.Module._load (internal/modules/cjs/loader.js:708:14)\n    at Module.require (internal/modules/cjs/loader.js:887:19)\n    at require (internal/modules/cjs/helpers.js:74:18)\n    at initializeRuntime (C:\\Users\\shara\\AppData\\Roaming\\npm\\node_modules\\firebase-tools\\lib\\emulator\\functionsEmulatorRuntime.js:676:29)\n    at processTicksAndRejections (internal/process/task_queues.js:97:5)\n    at async handleMessage (C:\\Users\\shara\\AppData\\Roaming\\npm\\node_modules\\firebase-tools\\lib\\emulator\\functionsEmulatorRuntime.js:714:20)"}}
[warn] !  We were unable to load your functions code. (see above) {"metadata":{"emulator":{"name":"functions"}}}
[debug] [2021-05-22T17:39:53.147Z] [worker-~diagnostic~-e1bdb639-e05c-4b3a-a94c-17c9d31e36a2]: exited {"metadata":{"emulator":{"name":"functions"},"message":"[worker-~diagnostic~-e1bdb639-e05c-4b3a-a94c-17c9d31e36a2]: exited"}}
[debug] [2021-05-22T17:39:53.148Z] [worker-~diagnostic~-e1bdb639-e05c-4b3a-a94c-17c9d31e36a2]: FINISHED {"metadata":{"emulator":{"name":"functions"},"message":"[worker-~diagnostic~-e1bdb639-e05c-4b3a-a94c-17c9d31e36a2]: FINISHED"}}
[debug] [2021-05-22T17:40:43.710Z] File F:\my3dp-projects\functions\index.js changed, reloading triggers {"metadata":{"emulator":{"name":"functions"},"message":"File F:\\my3dp-projects\\functions\\index.js changed, reloading triggers"}}
[debug] [2021-05-22T17:40:44.723Z] [worker-pool] Cleaned up workers for ~diagnostic~: 2 --> 0 {"metadata":{"emulator":{"name":"functions"},"message":"[worker-pool] Cleaned up workers for ~diagnostic~: 2 --> 0"}}
[debug] [2021-05-22T17:40:44.724Z] [worker-pool] Cleaned up workers for scraper: 1 --> 0 {"metadata":{"emulator":{"name":"functions"},"message":"[worker-pool] Cleaned up workers for scraper: 1 --> 0"}}
[debug] [2021-05-22T17:40:44.732Z] [worker-pool] addWorker(~diagnostic~) {"metadata":{"emulator":{"name":"functions"},"message":"[worker-pool] addWorker(~diagnostic~)"}}
[debug] [2021-05-22T17:40:44.732Z] [worker-pool] Adding worker with key ~diagnostic~, total=1 {"metadata":{"emulator":{"name":"functions"},"message":"[worker-pool] Adding worker with key ~diagnostic~, total=1"}}
[debug] [2021-05-22T17:40:44.733Z] [worker-pool] submitWork(triggerId=) {"metadata":{"emulator":{"name":"functions"},"message":"[worker-pool] submitWork(triggerId=)"}}
[debug] [2021-05-22T17:40:44.733Z] [worker-~diagnostic~-8fbf6231-6446-481b-a83f-b3994c4eb8e0]: Assigning socketPath: \\?\pipe\F:\my3dp-projects\functions\9480 {"metadata":{"emulator":{"name":"functions"},"message":"[worker-~diagnostic~-8fbf6231-6446-481b-a83f-b3994c4eb8e0]: Assigning socketPath: \\\\?\\pipe\\F:\\my3dp-projects\\functions\\9480"}}
[debug] [2021-05-22T17:40:44.734Z] [worker-~diagnostic~-8fbf6231-6446-481b-a83f-b3994c4eb8e0]: BUSY {"metadata":{"emulator":{"name":"functions"},"message":"[worker-~diagnostic~-8fbf6231-6446-481b-a83f-b3994c4eb8e0]: BUSY"}}
[debug] [2021-05-22T17:40:45.072Z] [runtime-status] [9480] Functions runtime initialized. {"cwd":"F:\\my3dp-projects\\functions","node_version":"12.20.0"} {"metadata":{"emulator":{"name":"functions"},"message":"[runtime-status] [9480] Functions runtime initialized. {\"cwd\":\"F:\\\\my3dp-projects\\\\functions\",\"node_version\":\"12.20.0\"}"}}
[debug] [2021-05-22T17:40:45.075Z] [runtime-status] [9480] Disabled runtime features: undefined {"metadata":{"emulator":{"name":"functions"},"message":"[runtime-status] [9480] Disabled runtime features: undefined"}}
[debug] [2021-05-22T17:40:45.082Z] [runtime-status] [9480] Resolved module firebase-admin {"declared":true,"installed":true,"version":"9.8.0","resolution":"F:\\my3dp-projects\\functions\\node_modules\\firebase-admin\\lib\\index.js"} {"metadata":{"emulator":{"name":"functions"},"message":"[runtime-status] [9480] Resolved module firebase-admin {\"declared\":true,\"installed\":true,\"version\":\"9.8.0\",\"resolution\":\"F:\\\\my3dp-projects\\\\functions\\\\node_modules\\\\firebase-admin\\\\lib\\\\index.js\"}"}}
[debug] [2021-05-22T17:40:45.084Z] [runtime-status] [9480] Resolved module firebase-functions {"declared":true,"installed":true,"version":"3.14.1","resolution":"F:\\my3dp-projects\\functions\\node_modules\\firebase-functions\\lib\\index.js"} {"metadata":{"emulator":{"name":"functions"},"message":"[runtime-status] [9480] Resolved module firebase-functions {\"declared\":true,\"installed\":true,\"version\":\"3.14.1\",\"resolution\":\"F:\\\\my3dp-projects\\\\functions\\\\node_modules\\\\firebase-functions\\\\lib\\\\index.js\"}"}}
[debug] [2021-05-22T17:40:45.086Z] [runtime-status] [9480] Resolved module firebase-functions {"declared":true,"installed":true,"version":"3.14.1","resolution":"F:\\my3dp-projects\\functions\\node_modules\\firebase-functions\\lib\\index.js"} {"metadata":{"emulator":{"name":"functions"},"message":"[runtime-status] [9480] Resolved module firebase-functions {\"declared\":true,\"installed\":true,\"version\":\"3.14.1\",\"resolution\":\"F:\\\\my3dp-projects\\\\functions\\\\node_modules\\\\firebase-functions\\\\lib\\\\index.js\"}"}}
[debug] [2021-05-22T17:40:45.089Z] [runtime-status] [9480] Outgoing network have been stubbed. [{"name":"http","status":"mocked"},{"name":"http","status":"mocked"},{"name":"https","status":"mocked"},{"name":"https","status":"mocked"},{"name":"net","status":"mocked"}] {"metadata":{"emulator":{"name":"functions"},"message":"[runtime-status] [9480] Outgoing network have been stubbed. [{\"name\":\"http\",\"status\":\"mocked\"},{\"name\":\"http\",\"status\":\"mocked\"},{\"name\":\"https\",\"status\":\"mocked\"},{\"name\":\"https\",\"status\":\"mocked\"},{\"name\":\"net\",\"status\":\"mocked\"}]"}}
[debug] [2021-05-22T17:40:45.091Z] [runtime-status] [9480] Resolved module firebase-functions {"declared":true,"installed":true,"version":"3.14.1","resolution":"F:\\my3dp-projects\\functions\\node_modules\\firebase-functions\\lib\\index.js"} {"metadata":{"emulator":{"name":"functions"},"message":"[runtime-status] [9480] Resolved module firebase-functions {\"declared\":true,\"installed\":true,\"version\":\"3.14.1\",\"resolution\":\"F:\\\\my3dp-projects\\\\functions\\\\node_modules\\\\firebase-functions\\\\lib\\\\index.js\"}"}}
[debug] [2021-05-22T17:40:45.219Z] [runtime-status] [9480] Checked functions.config() {"config":{}} {"metadata":{"emulator":{"name":"functions"},"message":"[runtime-status] [9480] Checked functions.config() {\"config\":{}}"}}
[debug] [2021-05-22T17:40:45.219Z] [runtime-status] [9480] firebase-functions has been stubbed. {"functionsResolution":{"declared":true,"installed":true,"version":"3.14.1","resolution":"F:\\my3dp-projects\\functions\\node_modules\\firebase-functions\\lib\\index.js"}} {"metadata":{"emulator":{"name":"functions"},"message":"[runtime-status] [9480] firebase-functions has been stubbed. {\"functionsResolution\":{\"declared\":true,\"installed\":true,\"version\":\"3.14.1\",\"resolution\":\"F:\\\\my3dp-projects\\\\functions\\\\node_modules\\\\firebase-functions\\\\lib\\\\index.js\"}}"}}
[debug] [2021-05-22T17:40:45.221Z] [runtime-status] [9480] Resolved module firebase-functions {"declared":true,"installed":true,"version":"3.14.1","resolution":"F:\\my3dp-projects\\functions\\node_modules\\firebase-functions\\lib\\index.js"} {"metadata":{"emulator":{"name":"functions"},"message":"[runtime-status] [9480] Resolved module firebase-functions {\"declared\":true,\"installed\":true,\"version\":\"3.14.1\",\"resolution\":\"F:\\\\my3dp-projects\\\\functions\\\\node_modules\\\\firebase-functions\\\\lib\\\\index.js\"}"}}
[debug] [2021-05-22T17:40:45.225Z] [runtime-status] [9480] Resolved module firebase-admin {"declared":true,"installed":true,"version":"9.8.0","resolution":"F:\\my3dp-projects\\functions\\node_modules\\firebase-admin\\lib\\index.js"} {"metadata":{"emulator":{"name":"functions"},"message":"[runtime-status] [9480] Resolved module firebase-admin {\"declared\":true,\"installed\":true,\"version\":\"9.8.0\",\"resolution\":\"F:\\\\my3dp-projects\\\\functions\\\\node_modules\\\\firebase-admin\\\\lib\\\\index.js\"}"}}
[debug] [2021-05-22T17:40:45.227Z] [runtime-status] [9480] Resolved module firebase-functions {"declared":true,"installed":true,"version":"3.14.1","resolution":"F:\\my3dp-projects\\functions\\node_modules\\firebase-functions\\lib\\index.js"} {"metadata":{"emulator":{"name":"functions"},"message":"[runtime-status] [9480] Resolved module firebase-functions {\"declared\":true,\"installed\":true,\"version\":\"3.14.1\",\"resolution\":\"F:\\\\my3dp-projects\\\\functions\\\\node_modules\\\\firebase-functions\\\\lib\\\\index.js\"}"}}
[debug] [2021-05-22T17:40:45.228Z] [runtime-status] [9480] firebase-admin has been stubbed. {"adminResolution":{"declared":true,"installed":true,"version":"9.8.0","resolution":"F:\\my3dp-projects\\functions\\node_modules\\firebase-admin\\lib\\index.js"}} {"metadata":{"emulator":{"name":"functions"},"message":"[runtime-status] [9480] firebase-admin has been stubbed. {\"adminResolution\":{\"declared\":true,\"installed\":true,\"version\":\"9.8.0\",\"resolution\":\"F:\\\\my3dp-projects\\\\functions\\\\node_modules\\\\firebase-admin\\\\lib\\\\index.js\"}}"}}
[warn] !  F:\my3dp-projects\functions\index.js:26
    const data['images'] = await page.evaluate( () => {
          ^

SyntaxError: Identifier 'data' has already been declared
    at wrapSafe (internal/modules/cjs/loader.js:915:16)
    at Module._compile (internal/modules/cjs/loader.js:963:27)
    at Object.Module._extensions..js (internal/modules/cjs/loader.js:1027:10)
    at Module.load (internal/modules/cjs/loader.js:863:32)
    at Function.Module._load (internal/modules/cjs/loader.js:708:14)
    at Module.require (internal/modules/cjs/loader.js:887:19)
    at require (internal/modules/cjs/helpers.js:74:18)
    at initializeRuntime (C:\Users\shara\AppData\Roaming\npm\node_modules\firebase-tools\lib\emulator\functionsEmulatorRuntime.js:676:29)
    at processTicksAndRejections (internal/process/task_queues.js:97:5)
    at async handleMessage (C:\Users\shara\AppData\Roaming\npm\node_modules\firebase-tools\lib\emulator\functionsEmulatorRuntime.js:714:20) {"metadata":{"emulator":{"name":"functions"},"message":"F:\\my3dp-projects\\functions\\index.js:26\n    const data['images'] = await page.evaluate( () => {\n          ^\n\nSyntaxError: Identifier 'data' has already been declared\n    at wrapSafe (internal/modules/cjs/loader.js:915:16)\n    at Module._compile (internal/modules/cjs/loader.js:963:27)\n    at Object.Module._extensions..js (internal/modules/cjs/loader.js:1027:10)\n    at Module.load (internal/modules/cjs/loader.js:863:32)\n    at Function.Module._load (internal/modules/cjs/loader.js:708:14)\n    at Module.require (internal/modules/cjs/loader.js:887:19)\n    at require (internal/modules/cjs/helpers.js:74:18)\n    at initializeRuntime (C:\\Users\\shara\\AppData\\Roaming\\npm\\node_modules\\firebase-tools\\lib\\emulator\\functionsEmulatorRuntime.js:676:29)\n    at processTicksAndRejections (internal/process/task_queues.js:97:5)\n    at async handleMessage (C:\\Users\\shara\\AppData\\Roaming\\npm\\node_modules\\firebase-tools\\lib\\emulator\\functionsEmulatorRuntime.js:714:20)"}}
[warn] !  We were unable to load your functions code. (see above) {"metadata":{"emulator":{"name":"functions"}}}
[debug] [2021-05-22T17:40:45.271Z] [worker-~diagnostic~-8fbf6231-6446-481b-a83f-b3994c4eb8e0]: exited {"metadata":{"emulator":{"name":"functions"},"message":"[worker-~diagnostic~-8fbf6231-6446-481b-a83f-b3994c4eb8e0]: exited"}}
[debug] [2021-05-22T17:40:45.272Z] [worker-~diagnostic~-8fbf6231-6446-481b-a83f-b3994c4eb8e0]: FINISHED {"metadata":{"emulator":{"name":"functions"},"message":"[worker-~diagnostic~-8fbf6231-6446-481b-a83f-b3994c4eb8e0]: FINISHED"}}
[debug] [2021-05-22T17:41:13.431Z] [work-queue] {"queueLength":1,"workRunningCount":0}
[debug] [2021-05-22T17:41:13.431Z] [work-queue] {"queueLength":0,"workRunningCount":1}
[debug] [2021-05-22T17:41:13.431Z] Accepted request POST /my3dprints-f727e/us-central1/scraper --> scraper
[debug] [2021-05-22T17:41:13.432Z] [worker-pool] Cleaned up workers for ~diagnostic~: 1 --> 0 {"metadata":{"emulator":{"name":"functions"},"message":"[worker-pool] Cleaned up workers for ~diagnostic~: 1 --> 0"}}
[debug] [2021-05-22T17:41:13.437Z] [worker-pool] addWorker(scraper) {"metadata":{"emulator":{"name":"functions"},"message":"[worker-pool] addWorker(scraper)"}}
[debug] [2021-05-22T17:41:13.437Z] [worker-pool] Adding worker with key scraper, total=1 {"metadata":{"emulator":{"name":"functions"},"message":"[worker-pool] Adding worker with key scraper, total=1"}}
[debug] [2021-05-22T17:41:13.437Z] [worker-pool] submitWork(triggerId=scraper) {"metadata":{"emulator":{"name":"functions"},"message":"[worker-pool] submitWork(triggerId=scraper)"}}
[debug] [2021-05-22T17:41:13.438Z] [worker-scraper-deb065e7-ed7e-42f2-80e6-8a8c1535163c]: Assigning socketPath: \\?\pipe\F:\my3dp-projects\functions\12868 {"metadata":{"emulator":{"name":"functions"},"message":"[worker-scraper-deb065e7-ed7e-42f2-80e6-8a8c1535163c]: Assigning socketPath: \\\\?\\pipe\\F:\\my3dp-projects\\functions\\12868"}}
[debug] [2021-05-22T17:41:13.438Z] [worker-scraper-deb065e7-ed7e-42f2-80e6-8a8c1535163c]: BUSY {"metadata":{"emulator":{"name":"functions"},"message":"[worker-scraper-deb065e7-ed7e-42f2-80e6-8a8c1535163c]: BUSY"}}
[debug] [2021-05-22T17:41:13.701Z] [runtime-status] [12868] Functions runtime initialized. {"cwd":"F:\\my3dp-projects\\functions","node_version":"12.20.0"} {"metadata":{"emulator":{"name":"functions"},"function":{"name":"scraper"},"message":"[runtime-status] [12868] Functions runtime initialized. {\"cwd\":\"F:\\\\my3dp-projects\\\\functions\",\"node_version\":\"12.20.0\"}"}}
[debug] [2021-05-22T17:41:13.703Z] [runtime-status] [12868] Disabled runtime features: undefined {"metadata":{"emulator":{"name":"functions"},"function":{"name":"scraper"},"message":"[runtime-status] [12868] Disabled runtime features: undefined"}}
[debug] [2021-05-22T17:41:13.707Z] [runtime-status] [12868] Resolved module firebase-admin {"declared":true,"installed":true,"version":"9.8.0","resolution":"F:\\my3dp-projects\\functions\\node_modules\\firebase-admin\\lib\\index.js"} {"metadata":{"emulator":{"name":"functions"},"function":{"name":"scraper"},"message":"[runtime-status] [12868] Resolved module firebase-admin {\"declared\":true,\"installed\":true,\"version\":\"9.8.0\",\"resolution\":\"F:\\\\my3dp-projects\\\\functions\\\\node_modules\\\\firebase-admin\\\\lib\\\\index.js\"}"}}
[debug] [2021-05-22T17:41:13.708Z] [runtime-status] [12868] Resolved module firebase-functions {"declared":true,"installed":true,"version":"3.14.1","resolution":"F:\\my3dp-projects\\functions\\node_modules\\firebase-functions\\lib\\index.js"} {"metadata":{"emulator":{"name":"functions"},"function":{"name":"scraper"},"message":"[runtime-status] [12868] Resolved module firebase-functions {\"declared\":true,\"installed\":true,\"version\":\"3.14.1\",\"resolution\":\"F:\\\\my3dp-projects\\\\functions\\\\node_modules\\\\firebase-functions\\\\lib\\\\index.js\"}"}}
[debug] [2021-05-22T17:41:13.710Z] [runtime-status] [12868] Resolved module firebase-functions {"declared":true,"installed":true,"version":"3.14.1","resolution":"F:\\my3dp-projects\\functions\\node_modules\\firebase-functions\\lib\\index.js"} {"metadata":{"emulator":{"name":"functions"},"function":{"name":"scraper"},"message":"[runtime-status] [12868] Resolved module firebase-functions {\"declared\":true,\"installed\":true,\"version\":\"3.14.1\",\"resolution\":\"F:\\\\my3dp-projects\\\\functions\\\\node_modules\\\\firebase-functions\\\\lib\\\\index.js\"}"}}
[debug] [2021-05-22T17:41:13.712Z] [runtime-status] [12868] Outgoing network have been stubbed. [{"name":"http","status":"mocked"},{"name":"http","status":"mocked"},{"name":"https","status":"mocked"},{"name":"https","status":"mocked"},{"name":"net","status":"mocked"}] {"metadata":{"emulator":{"name":"functions"},"function":{"name":"scraper"},"message":"[runtime-status] [12868] Outgoing network have been stubbed. [{\"name\":\"http\",\"status\":\"mocked\"},{\"name\":\"http\",\"status\":\"mocked\"},{\"name\":\"https\",\"status\":\"mocked\"},{\"name\":\"https\",\"status\":\"mocked\"},{\"name\":\"net\",\"status\":\"mocked\"}]"}}
[debug] [2021-05-22T17:41:13.713Z] [runtime-status] [12868] Resolved module firebase-functions {"declared":true,"installed":true,"version":"3.14.1","resolution":"F:\\my3dp-projects\\functions\\node_modules\\firebase-functions\\lib\\index.js"} {"metadata":{"emulator":{"name":"functions"},"function":{"name":"scraper"},"message":"[runtime-status] [12868] Resolved module firebase-functions {\"declared\":true,\"installed\":true,\"version\":\"3.14.1\",\"resolution\":\"F:\\\\my3dp-projects\\\\functions\\\\node_modules\\\\firebase-functions\\\\lib\\\\index.js\"}"}}
[debug] [2021-05-22T17:41:13.773Z] [runtime-status] [12868] Checked functions.config() {"config":{}} {"metadata":{"emulator":{"name":"functions"},"function":{"name":"scraper"},"message":"[runtime-status] [12868] Checked functions.config() {\"config\":{}}"}}
[debug] [2021-05-22T17:41:13.773Z] [runtime-status] [12868] firebase-functions has been stubbed. {"functionsResolution":{"declared":true,"installed":true,"version":"3.14.1","resolution":"F:\\my3dp-projects\\functions\\node_modules\\firebase-functions\\lib\\index.js"}} {"metadata":{"emulator":{"name":"functions"},"function":{"name":"scraper"},"message":"[runtime-status] [12868] firebase-functions has been stubbed. {\"functionsResolution\":{\"declared\":true,\"installed\":true,\"version\":\"3.14.1\",\"resolution\":\"F:\\\\my3dp-projects\\\\functions\\\\node_modules\\\\firebase-functions\\\\lib\\\\index.js\"}}"}}
[debug] [2021-05-22T17:41:13.774Z] [runtime-status] [12868] Resolved module firebase-functions {"declared":true,"installed":true,"version":"3.14.1","resolution":"F:\\my3dp-projects\\functions\\node_modules\\firebase-functions\\lib\\index.js"} {"metadata":{"emulator":{"name":"functions"},"function":{"name":"scraper"},"message":"[runtime-status] [12868] Resolved module firebase-functions {\"declared\":true,\"installed\":true,\"version\":\"3.14.1\",\"resolution\":\"F:\\\\my3dp-projects\\\\functions\\\\node_modules\\\\firebase-functions\\\\lib\\\\index.js\"}"}}
[debug] [2021-05-22T17:41:13.776Z] [runtime-status] [12868] Resolved module firebase-admin {"declared":true,"installed":true,"version":"9.8.0","resolution":"F:\\my3dp-projects\\functions\\node_modules\\firebase-admin\\lib\\index.js"} {"metadata":{"emulator":{"name":"functions"},"function":{"name":"scraper"},"message":"[runtime-status] [12868] Resolved module firebase-admin {\"declared\":true,\"installed\":true,\"version\":\"9.8.0\",\"resolution\":\"F:\\\\my3dp-projects\\\\functions\\\\node_modules\\\\firebase-admin\\\\lib\\\\index.js\"}"}}
[debug] [2021-05-22T17:41:13.776Z] [runtime-status] [12868] Resolved module firebase-functions {"declared":true,"installed":true,"version":"3.14.1","resolution":"F:\\my3dp-projects\\functions\\node_modules\\firebase-functions\\lib\\index.js"} {"metadata":{"emulator":{"name":"functions"},"function":{"name":"scraper"},"message":"[runtime-status] [12868] Resolved module firebase-functions {\"declared\":true,\"installed\":true,\"version\":\"3.14.1\",\"resolution\":\"F:\\\\my3dp-projects\\\\functions\\\\node_modules\\\\firebase-functions\\\\lib\\\\index.js\"}"}}
[debug] [2021-05-22T17:41:13.777Z] [runtime-status] [12868] firebase-admin has been stubbed. {"adminResolution":{"declared":true,"installed":true,"version":"9.8.0","resolution":"F:\\my3dp-projects\\functions\\node_modules\\firebase-admin\\lib\\index.js"}} {"metadata":{"emulator":{"name":"functions"},"function":{"name":"scraper"},"message":"[runtime-status] [12868] firebase-admin has been stubbed. {\"adminResolution\":{\"declared\":true,\"installed\":true,\"version\":\"9.8.0\",\"resolution\":\"F:\\\\my3dp-projects\\\\functions\\\\node_modules\\\\firebase-admin\\\\lib\\\\index.js\"}}"}}
[warn] !  F:\my3dp-projects\functions\index.js:26
    const data['images'] = await page.evaluate( () => {
          ^

SyntaxError: Identifier 'data' has already been declared
    at wrapSafe (internal/modules/cjs/loader.js:915:16)
    at Module._compile (internal/modules/cjs/loader.js:963:27)
    at Object.Module._extensions..js (internal/modules/cjs/loader.js:1027:10)
    at Module.load (internal/modules/cjs/loader.js:863:32)
    at Function.Module._load (internal/modules/cjs/loader.js:708:14)
    at Module.require (internal/modules/cjs/loader.js:887:19)
    at require (internal/modules/cjs/helpers.js:74:18)
    at initializeRuntime (C:\Users\shara\AppData\Roaming\npm\node_modules\firebase-tools\lib\emulator\functionsEmulatorRuntime.js:676:29)
    at processTicksAndRejections (internal/process/task_queues.js:97:5)
    at async handleMessage (C:\Users\shara\AppData\Roaming\npm\node_modules\firebase-tools\lib\emulator\functionsEmulatorRuntime.js:714:20) {"metadata":{"emulator":{"name":"functions"},"function":{"name":"scraper"},"message":"F:\\my3dp-projects\\functions\\index.js:26\n    const data['images'] = await page.evaluate( () => {\n          ^\n\nSyntaxError: Identifier 'data' has already been declared\n    at wrapSafe (internal/modules/cjs/loader.js:915:16)\n    at Module._compile (internal/modules/cjs/loader.js:963:27)\n    at Object.Module._extensions..js (internal/modules/cjs/loader.js:1027:10)\n    at Module.load (internal/modules/cjs/loader.js:863:32)\n    at Function.Module._load (internal/modules/cjs/loader.js:708:14)\n    at Module.require (internal/modules/cjs/loader.js:887:19)\n    at require (internal/modules/cjs/helpers.js:74:18)\n    at initializeRuntime (C:\\Users\\shara\\AppData\\Roaming\\npm\\node_modules\\firebase-tools\\lib\\emulator\\functionsEmulatorRuntime.js:676:29)\n    at processTicksAndRejections (internal/process/task_queues.js:97:5)\n    at async handleMessage (C:\\Users\\shara\\AppData\\Roaming\\npm\\node_modules\\firebase-tools\\lib\\emulator\\functionsEmulatorRuntime.js:714:20)"}}
[warn] !  We were unable to load your functions code. (see above) {"metadata":{"emulator":{"name":"functions"},"function":{"name":"scraper"}}}
[debug] [2021-05-22T17:41:13.814Z] [worker-scraper-deb065e7-ed7e-42f2-80e6-8a8c1535163c]: exited {"metadata":{"emulator":{"name":"functions"},"message":"[worker-scraper-deb065e7-ed7e-42f2-80e6-8a8c1535163c]: exited"}}
[debug] [2021-05-22T17:41:13.814Z] [worker-scraper-deb065e7-ed7e-42f2-80e6-8a8c1535163c]: FINISHED {"metadata":{"emulator":{"name":"functions"},"message":"[worker-scraper-deb065e7-ed7e-42f2-80e6-8a8c1535163c]: FINISHED"}}
[info] Shutting down...
[info] i  functions: Stopping Functions Emulator {"metadata":{"emulator":{"name":"functions"},"message":"Stopping Functions Emulator"}}
[info] i  functions: Waiting for all functions to finish... {"metadata":{"emulator":{"name":"functions"},"message":"Waiting for all functions to finish..."}}
[info] Shutting down...
[info] i  functions: Stopping Functions Emulator {"metadata":{"emulator":{"name":"functions"},"message":"Stopping Functions Emulator"}}
[info] i  functions: Waiting for all functions to finish... {"metadata":{"emulator":{"name":"functions"},"message":"Waiting for all functions to finish..."}}
[info] Shutting down...
[info] i  functions: Stopping Functions Emulator {"metadata":{"emulator":{"name":"functions"},"message":"Stopping Functions Emulator"}}
[info] i  functions: Waiting for all functions to finish... {"metadata":{"emulator":{"name":"functions"},"message":"Waiting for all functions to finish..."}}
