[debug] [2021-05-22T09:52:24.680Z] ----------------------------------------------------------------------
[debug] [2021-05-22T09:52:24.682Z] Command:       /home/sharan/.nvm/versions/node/v12.18.3/bin/node /home/sharan/.nvm/versions/node/v12.18.3/bin/firebase serve
[debug] [2021-05-22T09:52:24.682Z] CLI Version:   9.11.0
[debug] [2021-05-22T09:52:24.682Z] Platform:      linux
[debug] [2021-05-22T09:52:24.682Z] Node Version:  v12.18.3
[debug] [2021-05-22T09:52:24.686Z] Time:          Sat May 22 2021 15:22:24 GMT+0530 (India Standard Time)
[debug] [2021-05-22T09:52:24.686Z] ----------------------------------------------------------------------
[debug] 
[debug] [2021-05-22T09:52:24.688Z] >>> [apiv2][query] GET https://firebase-public.firebaseio.com/cli.json [none]
[debug] [2021-05-22T09:52:24.714Z] > command requires scopes: ["email","openid","https://www.googleapis.com/auth/cloudplatformprojects.readonly","https://www.googleapis.com/auth/firebase","https://www.googleapis.com/auth/cloud-platform"]
[debug] [2021-05-22T09:52:24.714Z] > authorizing via signed-in user (sharankasandula@gmail.com)
[debug] [2021-05-22T09:52:24.714Z] [iam] checking project my3dprints-f727e for permissions ["firebase.projects.get"]
[debug] [2021-05-22T09:52:24.715Z] > refreshing access token with scopes: ["email","https://www.googleapis.com/auth/cloud-platform","https://www.googleapis.com/auth/cloudplatformprojects.readonly","https://www.googleapis.com/auth/firebase","openid"]
[debug] [2021-05-22T09:52:24.715Z] >>> HTTP REQUEST POST https://www.googleapis.com/oauth2/v3/token  
 <request body omitted>
[debug] [2021-05-22T09:52:31.292Z] <<< HTTP RESPONSE 200 {"expires":"Mon, 01 Jan 1990 00:00:00 GMT","cache-control":"no-cache, no-store, max-age=0, must-revalidate","pragma":"no-cache","date":"Sat, 22 May 2021 09:52:31 GMT","content-type":"application/json; charset=utf-8","vary":"X-Origin, Referer, Origin,Accept-Encoding","server":"scaffolding on HTTPServer2","x-xss-protection":"0","x-frame-options":"SAMEORIGIN","x-content-type-options":"nosniff","alt-svc":"h3-29=\":443\"; ma=2592000,h3-T051=\":443\"; ma=2592000,h3-Q050=\":443\"; ma=2592000,h3-Q046=\":443\"; ma=2592000,h3-Q043=\":443\"; ma=2592000,quic=\":443\"; ma=2592000; v=\"46,43\"","accept-ranges":"none","transfer-encoding":"chunked"}
[debug] [2021-05-22T09:52:31.315Z] >>> HTTP REQUEST POST https://cloudresourcemanager.googleapis.com/v1/projects/my3dprints-f727e:testIamPermissions  
 {"permissions":["firebase.projects.get"]}
[debug] [2021-05-22T09:52:32.162Z] <<< [apiv2][status] GET https://firebase-public.firebaseio.com/cli.json 200
[debug] [2021-05-22T09:52:32.162Z] <<< [apiv2][body] GET https://firebase-public.firebaseio.com/cli.json {"cloudBuildErrorAfter":1594252800000,"cloudBuildWarnAfter":1590019200000,"defaultNode10After":1594252800000,"minVersion":"3.0.5","node8DeploysDisabledAfter":1613390400000,"node8RuntimeDisabledAfter":1615809600000,"node8WarnAfter":1600128000000}
[debug] [2021-05-22T09:52:34.305Z] <<< HTTP RESPONSE 200 {"content-type":"application/json; charset=UTF-8","vary":"X-Origin, Referer, Origin,Accept-Encoding","date":"Sat, 22 May 2021 09:52:34 GMT","server":"ESF","cache-control":"private","x-xss-protection":"0","x-frame-options":"SAMEORIGIN","x-content-type-options":"nosniff","server-timing":"gfet4t7; dur=1175","alt-svc":"h3-29=\":443\"; ma=2592000,h3-T051=\":443\"; ma=2592000,h3-Q050=\":443\"; ma=2592000,h3-Q046=\":443\"; ma=2592000,h3-Q043=\":443\"; ma=2592000,quic=\":443\"; ma=2592000; v=\"46,43\"","accept-ranges":"none","transfer-encoding":"chunked"}
[debug] [2021-05-22T09:52:34.306Z] > refreshing access token with scopes: []
[debug] [2021-05-22T09:52:34.306Z] >>> HTTP REQUEST POST https://www.googleapis.com/oauth2/v3/token  
 <request body omitted>
[debug] [2021-05-22T09:52:34.556Z] <<< HTTP RESPONSE 200 {"cache-control":"no-cache, no-store, max-age=0, must-revalidate","date":"Sat, 22 May 2021 09:52:35 GMT","pragma":"no-cache","expires":"Mon, 01 Jan 1990 00:00:00 GMT","content-type":"application/json; charset=utf-8","vary":"X-Origin, Referer, Origin,Accept-Encoding","server":"scaffolding on HTTPServer2","x-xss-protection":"0","x-frame-options":"SAMEORIGIN","x-content-type-options":"nosniff","alt-svc":"h3-29=\":443\"; ma=2592000,h3-T051=\":443\"; ma=2592000,h3-Q050=\":443\"; ma=2592000,h3-Q046=\":443\"; ma=2592000,h3-Q043=\":443\"; ma=2592000,quic=\":443\"; ma=2592000; v=\"46,43\"","accept-ranges":"none","transfer-encoding":"chunked"}
[debug] [2021-05-22T09:52:34.568Z] >>> [apiv2][query] GET https://firebase.googleapis.com/v1beta1/projects/my3dprints-f727e [none]
[debug] [2021-05-22T09:52:34.986Z] <<< [apiv2][status] GET https://firebase.googleapis.com/v1beta1/projects/my3dprints-f727e 200
[debug] [2021-05-22T09:52:34.986Z] <<< [apiv2][body] GET https://firebase.googleapis.com/v1beta1/projects/my3dprints-f727e {"projectId":"my3dprints-f727e","projectNumber":"16001692881","displayName":"my3dprints","name":"projects/my3dprints-f727e","resources":{"hostingSite":"my3dprints-f727e","storageBucket":"my3dprints-f727e.appspot.com","locationId":"asia-northeast2"},"state":"ACTIVE"}
[info] 
[info] === Serving from '/mnt/p/my3dp-projects'...
[info] 
[debug] [2021-05-22T09:52:34.989Z] >>> [apiv2][query] GET https://firebasehosting.googleapis.com/v1beta1/projects/my3dprints-f727e/sites 
[info] ✔  functions: Using node@12 from host. {"metadata":{"emulator":{"name":"functions"},"message":"Using node@12 from host."}}
[debug] [2021-05-22T09:52:35.004Z] defaultcredentials: writing to file /home/sharan/.config/firebase/sharankasandula_gmail_com_application_default_credentials.json
[debug] [2021-05-22T09:52:35.006Z] Setting GAC to /home/sharan/.config/firebase/sharankasandula_gmail_com_application_default_credentials.json {"metadata":{"emulator":{"name":"functions"},"message":"Setting GAC to /home/sharan/.config/firebase/sharankasandula_gmail_com_application_default_credentials.json"}}
[debug] [2021-05-22T09:52:35.007Z] >>> [apiv2][query] GET https://firebase.googleapis.com/v1beta1/projects/my3dprints-f727e/adminSdkConfig [none]
[debug] [2021-05-22T09:52:35.917Z] <<< [apiv2][status] GET https://firebase.googleapis.com/v1beta1/projects/my3dprints-f727e/adminSdkConfig 200
[debug] [2021-05-22T09:52:35.917Z] <<< [apiv2][body] GET https://firebase.googleapis.com/v1beta1/projects/my3dprints-f727e/adminSdkConfig {"projectId":"my3dprints-f727e","storageBucket":"my3dprints-f727e.appspot.com","locationId":"asia-northeast2"}
[debug] [2021-05-22T09:52:37.121Z] <<< [apiv2][status] GET https://firebasehosting.googleapis.com/v1beta1/projects/my3dprints-f727e/sites 200
[debug] [2021-05-22T09:52:37.121Z] <<< [apiv2][body] GET https://firebasehosting.googleapis.com/v1beta1/projects/my3dprints-f727e/sites {"sites":[{"name":"projects/16001692881/sites/my3dprints-f727e","defaultUrl":"https://my3dprints-f727e.web.app","appId":"1:16001692881:web:b663d1a7d69073636201f0","type":"DEFAULT_SITE"}]}
[debug] [2021-05-22T09:52:37.122Z] >>> [apiv2][query] GET https://firebase.googleapis.com/v1beta1/projects/my3dprints-f727e/webApps/1:16001692881:web:b663d1a7d69073636201f0/config [none]
[debug] [2021-05-22T09:52:39.309Z] <<< [apiv2][status] GET https://firebase.googleapis.com/v1beta1/projects/my3dprints-f727e/webApps/1:16001692881:web:b663d1a7d69073636201f0/config 200
[debug] [2021-05-22T09:52:39.309Z] <<< [apiv2][body] GET https://firebase.googleapis.com/v1beta1/projects/my3dprints-f727e/webApps/1:16001692881:web:b663d1a7d69073636201f0/config {"projectId":"my3dprints-f727e","appId":"1:16001692881:web:b663d1a7d69073636201f0","storageBucket":"my3dprints-f727e.appspot.com","locationId":"asia-northeast2","apiKey":"AIzaSyBSyXeSfLruO0eD9EFtKTSyaqyyNt8iWTc","authDomain":"my3dprints-f727e.firebaseapp.com","messagingSenderId":"16001692881"}
[info] i  functions: Watching "/mnt/p/my3dp-projects/functions" for Cloud Functions... {"metadata":{"emulator":{"name":"functions"},"message":"Watching \"/mnt/p/my3dp-projects/functions\" for Cloud Functions..."}}
[debug] [2021-05-22T09:52:39.352Z] [worker-pool] addWorker(~diagnostic~) {"metadata":{"emulator":{"name":"functions"},"message":"[worker-pool] addWorker(~diagnostic~)"}}
[debug] [2021-05-22T09:52:39.353Z] [worker-pool] Adding worker with key ~diagnostic~, total=1 {"metadata":{"emulator":{"name":"functions"},"message":"[worker-pool] Adding worker with key ~diagnostic~, total=1"}}
[debug] [2021-05-22T09:52:39.353Z] [worker-pool] submitWork(triggerId=) {"metadata":{"emulator":{"name":"functions"},"message":"[worker-pool] submitWork(triggerId=)"}}
[debug] [2021-05-22T09:52:39.353Z] [worker-~diagnostic~-307aa11a-b34a-4601-be6f-d4ae1be90f0d]: Assigning socketPath: /tmp/fire_emu_534.sock {"metadata":{"emulator":{"name":"functions"},"message":"[worker-~diagnostic~-307aa11a-b34a-4601-be6f-d4ae1be90f0d]: Assigning socketPath: /tmp/fire_emu_534.sock"}}
[debug] [2021-05-22T09:52:39.354Z] [worker-~diagnostic~-307aa11a-b34a-4601-be6f-d4ae1be90f0d]: BUSY {"metadata":{"emulator":{"name":"functions"},"message":"[worker-~diagnostic~-307aa11a-b34a-4601-be6f-d4ae1be90f0d]: BUSY"}}
[info] i  hosting[my3dp-projects]: Serving hosting files from: dist/my3dp-projects {"metadata":{"emulator":{"name":"hosting"},"message":"Serving hosting files from: \u001b[1mdist/my3dp-projects\u001b[22m"}}
[info] ✔  hosting[my3dp-projects]: Local server: http://localhost:5000 {"metadata":{"emulator":{"name":"hosting"},"message":"Local server: \u001b[4m\u001b[1mhttp://localhost:5000\u001b[22m\u001b[24m"}}
[debug] [2021-05-22T09:52:39.487Z] [runtime-status] [534] Functions runtime initialized. {"cwd":"/mnt/p/my3dp-projects/functions","node_version":"12.18.3"} {"metadata":{"emulator":{"name":"functions"},"message":"[runtime-status] [534] Functions runtime initialized. {\"cwd\":\"/mnt/p/my3dp-projects/functions\",\"node_version\":\"12.18.3\"}"}}
[debug] [2021-05-22T09:52:39.487Z] [runtime-status] [534] Disabled runtime features: undefined {"metadata":{"emulator":{"name":"functions"},"message":"[runtime-status] [534] Disabled runtime features: undefined"}}
[debug] [2021-05-22T09:52:39.518Z] [runtime-status] [534] Resolved module firebase-admin {"declared":true,"installed":true,"version":"9.8.0","resolution":"/mnt/p/my3dp-projects/functions/node_modules/firebase-admin/lib/index.js"} {"metadata":{"emulator":{"name":"functions"},"message":"[runtime-status] [534] Resolved module firebase-admin {\"declared\":true,\"installed\":true,\"version\":\"9.8.0\",\"resolution\":\"/mnt/p/my3dp-projects/functions/node_modules/firebase-admin/lib/index.js\"}"}}
[debug] [2021-05-22T09:52:39.546Z] [runtime-status] [534] Resolved module firebase-functions {"declared":true,"installed":true,"version":"3.14.1","resolution":"/mnt/p/my3dp-projects/functions/node_modules/firebase-functions/lib/index.js"} {"metadata":{"emulator":{"name":"functions"},"message":"[runtime-status] [534] Resolved module firebase-functions {\"declared\":true,\"installed\":true,\"version\":\"3.14.1\",\"resolution\":\"/mnt/p/my3dp-projects/functions/node_modules/firebase-functions/lib/index.js\"}"}}
[debug] [2021-05-22T09:52:39.551Z] [runtime-status] [534] Resolved module firebase-functions {"declared":true,"installed":true,"version":"3.14.1","resolution":"/mnt/p/my3dp-projects/functions/node_modules/firebase-functions/lib/index.js"} {"metadata":{"emulator":{"name":"functions"},"message":"[runtime-status] [534] Resolved module firebase-functions {\"declared\":true,\"installed\":true,\"version\":\"3.14.1\",\"resolution\":\"/mnt/p/my3dp-projects/functions/node_modules/firebase-functions/lib/index.js\"}"}}
[debug] [2021-05-22T09:52:39.553Z] [runtime-status] [534] Outgoing network have been stubbed. [{"name":"http","status":"mocked"},{"name":"http","status":"mocked"},{"name":"https","status":"mocked"},{"name":"https","status":"mocked"},{"name":"net","status":"mocked"}] {"metadata":{"emulator":{"name":"functions"},"message":"[runtime-status] [534] Outgoing network have been stubbed. [{\"name\":\"http\",\"status\":\"mocked\"},{\"name\":\"http\",\"status\":\"mocked\"},{\"name\":\"https\",\"status\":\"mocked\"},{\"name\":\"https\",\"status\":\"mocked\"},{\"name\":\"net\",\"status\":\"mocked\"}]"}}
[debug] [2021-05-22T09:52:39.557Z] [runtime-status] [534] Resolved module firebase-functions {"declared":true,"installed":true,"version":"3.14.1","resolution":"/mnt/p/my3dp-projects/functions/node_modules/firebase-functions/lib/index.js"} {"metadata":{"emulator":{"name":"functions"},"message":"[runtime-status] [534] Resolved module firebase-functions {\"declared\":true,\"installed\":true,\"version\":\"3.14.1\",\"resolution\":\"/mnt/p/my3dp-projects/functions/node_modules/firebase-functions/lib/index.js\"}"}}
[debug] [2021-05-22T09:52:40.535Z] [runtime-status] [534] Checked functions.config() {"config":{}} {"metadata":{"emulator":{"name":"functions"},"message":"[runtime-status] [534] Checked functions.config() {\"config\":{}}"}}
[debug] [2021-05-22T09:52:40.535Z] [runtime-status] [534] firebase-functions has been stubbed. {"functionsResolution":{"declared":true,"installed":true,"version":"3.14.1","resolution":"/mnt/p/my3dp-projects/functions/node_modules/firebase-functions/lib/index.js"}} {"metadata":{"emulator":{"name":"functions"},"message":"[runtime-status] [534] firebase-functions has been stubbed. {\"functionsResolution\":{\"declared\":true,\"installed\":true,\"version\":\"3.14.1\",\"resolution\":\"/mnt/p/my3dp-projects/functions/node_modules/firebase-functions/lib/index.js\"}}"}}
[debug] [2021-05-22T09:52:40.541Z] [runtime-status] [534] Resolved module firebase-functions {"declared":true,"installed":true,"version":"3.14.1","resolution":"/mnt/p/my3dp-projects/functions/node_modules/firebase-functions/lib/index.js"} {"metadata":{"emulator":{"name":"functions"},"message":"[runtime-status] [534] Resolved module firebase-functions {\"declared\":true,\"installed\":true,\"version\":\"3.14.1\",\"resolution\":\"/mnt/p/my3dp-projects/functions/node_modules/firebase-functions/lib/index.js\"}"}}
[debug] [2021-05-22T09:52:40.552Z] [runtime-status] [534] Resolved module firebase-admin {"declared":true,"installed":true,"version":"9.8.0","resolution":"/mnt/p/my3dp-projects/functions/node_modules/firebase-admin/lib/index.js"} {"metadata":{"emulator":{"name":"functions"},"message":"[runtime-status] [534] Resolved module firebase-admin {\"declared\":true,\"installed\":true,\"version\":\"9.8.0\",\"resolution\":\"/mnt/p/my3dp-projects/functions/node_modules/firebase-admin/lib/index.js\"}"}}
[debug] [2021-05-22T09:52:40.559Z] [runtime-status] [534] Resolved module firebase-functions {"declared":true,"installed":true,"version":"3.14.1","resolution":"/mnt/p/my3dp-projects/functions/node_modules/firebase-functions/lib/index.js"} {"metadata":{"emulator":{"name":"functions"},"message":"[runtime-status] [534] Resolved module firebase-functions {\"declared\":true,\"installed\":true,\"version\":\"3.14.1\",\"resolution\":\"/mnt/p/my3dp-projects/functions/node_modules/firebase-functions/lib/index.js\"}"}}
[debug] [2021-05-22T09:52:40.559Z] [runtime-status] [534] firebase-admin has been stubbed. {"adminResolution":{"declared":true,"installed":true,"version":"9.8.0","resolution":"/mnt/p/my3dp-projects/functions/node_modules/firebase-admin/lib/index.js"}} {"metadata":{"emulator":{"name":"functions"},"message":"[runtime-status] [534] firebase-admin has been stubbed. {\"adminResolution\":{\"declared\":true,\"installed\":true,\"version\":\"9.8.0\",\"resolution\":\"/mnt/p/my3dp-projects/functions/node_modules/firebase-admin/lib/index.js\"}}"}}
[warn] ⚠  Error: Cannot find module 'puppeteer'
Require stack:
- /mnt/p/my3dp-projects/functions/index.js
- /home/sharan/.nvm/versions/node/v12.18.3/lib/node_modules/firebase-tools/lib/emulator/functionsEmulatorRuntime.js
    at Function.Module._resolveFilename (internal/modules/cjs/loader.js:965:15)
    at Function.Module._load (internal/modules/cjs/loader.js:841:27)
    at Module.require (internal/modules/cjs/loader.js:1025:19)
    at require (internal/modules/cjs/helpers.js:72:18)
    at Object.<anonymous> (/mnt/p/my3dp-projects/functions/index.js:2:19)
    at Module._compile (internal/modules/cjs/loader.js:1137:30)
    at Object.Module._extensions..js (internal/modules/cjs/loader.js:1157:10)
    at Module.load (internal/modules/cjs/loader.js:985:32)
    at Function.Module._load (internal/modules/cjs/loader.js:878:14)
    at Module.require (internal/modules/cjs/loader.js:1025:19) {"metadata":{"emulator":{"name":"functions"},"message":"Error: Cannot find module 'puppeteer'\nRequire stack:\n- /mnt/p/my3dp-projects/functions/index.js\n- /home/sharan/.nvm/versions/node/v12.18.3/lib/node_modules/firebase-tools/lib/emulator/functionsEmulatorRuntime.js\n    at Function.Module._resolveFilename (internal/modules/cjs/loader.js:965:15)\n    at Function.Module._load (internal/modules/cjs/loader.js:841:27)\n    at Module.require (internal/modules/cjs/loader.js:1025:19)\n    at require (internal/modules/cjs/helpers.js:72:18)\n    at Object.<anonymous> (/mnt/p/my3dp-projects/functions/index.js:2:19)\n    at Module._compile (internal/modules/cjs/loader.js:1137:30)\n    at Object.Module._extensions..js (internal/modules/cjs/loader.js:1157:10)\n    at Module.load (internal/modules/cjs/loader.js:985:32)\n    at Function.Module._load (internal/modules/cjs/loader.js:878:14)\n    at Module.require (internal/modules/cjs/loader.js:1025:19)"}}
[warn] ⚠  We were unable to load your functions code. (see above) {"metadata":{"emulator":{"name":"functions"}}}
[debug] [2021-05-22T09:52:40.584Z] [worker-~diagnostic~-307aa11a-b34a-4601-be6f-d4ae1be90f0d]: exited {"metadata":{"emulator":{"name":"functions"},"message":"[worker-~diagnostic~-307aa11a-b34a-4601-be6f-d4ae1be90f0d]: exited"}}
[debug] [2021-05-22T09:52:40.584Z] [worker-~diagnostic~-307aa11a-b34a-4601-be6f-d4ae1be90f0d]: FINISHED {"metadata":{"emulator":{"name":"functions"},"message":"[worker-~diagnostic~-307aa11a-b34a-4601-be6f-d4ae1be90f0d]: FINISHED"}}
[debug] [2021-05-22T09:55:07.354Z] ----------------------------------------------------------------------
[debug] [2021-05-22T09:55:07.355Z] Command:       /home/sharan/.nvm/versions/node/v12.18.3/bin/node /home/sharan/.nvm/versions/node/v12.18.3/bin/firebase serve
[debug] [2021-05-22T09:55:07.356Z] CLI Version:   9.11.0
[debug] [2021-05-22T09:55:07.356Z] Platform:      linux
[debug] [2021-05-22T09:55:07.356Z] Node Version:  v12.18.3
[debug] [2021-05-22T09:55:07.356Z] Time:          Sat May 22 2021 15:25:07 GMT+0530 (India Standard Time)
[debug] [2021-05-22T09:55:07.356Z] ----------------------------------------------------------------------
[debug] 
[debug] [2021-05-22T09:55:07.368Z] > command requires scopes: ["email","openid","https://www.googleapis.com/auth/cloudplatformprojects.readonly","https://www.googleapis.com/auth/firebase","https://www.googleapis.com/auth/cloud-platform"]
[debug] [2021-05-22T09:55:07.368Z] > authorizing via signed-in user (sharankasandula@gmail.com)
[debug] [2021-05-22T09:55:07.368Z] [iam] checking project my3dprints-f727e for permissions ["firebase.projects.get"]
[debug] [2021-05-22T09:55:07.370Z] > refreshing access token with scopes: ["email","https://www.googleapis.com/auth/cloud-platform","https://www.googleapis.com/auth/cloudplatformprojects.readonly","https://www.googleapis.com/auth/firebase","openid"]
[debug] [2021-05-22T09:55:07.370Z] >>> HTTP REQUEST POST https://www.googleapis.com/oauth2/v3/token  
 <request body omitted>
[debug] [2021-05-22T09:55:08.724Z] <<< HTTP RESPONSE 200 {"pragma":"no-cache","cache-control":"no-cache, no-store, max-age=0, must-revalidate","date":"Sat, 22 May 2021 09:55:09 GMT","expires":"Mon, 01 Jan 1990 00:00:00 GMT","content-type":"application/json; charset=utf-8","vary":"X-Origin, Referer, Origin,Accept-Encoding","server":"scaffolding on HTTPServer2","x-xss-protection":"0","x-frame-options":"SAMEORIGIN","x-content-type-options":"nosniff","alt-svc":"h3-29=\":443\"; ma=2592000,h3-T051=\":443\"; ma=2592000,h3-Q050=\":443\"; ma=2592000,h3-Q046=\":443\"; ma=2592000,h3-Q043=\":443\"; ma=2592000,quic=\":443\"; ma=2592000; v=\"46,43\"","accept-ranges":"none","transfer-encoding":"chunked"}
[debug] [2021-05-22T09:55:08.734Z] >>> HTTP REQUEST POST https://cloudresourcemanager.googleapis.com/v1/projects/my3dprints-f727e:testIamPermissions  
 {"permissions":["firebase.projects.get"]}
[debug] [2021-05-22T09:55:11.270Z] <<< HTTP RESPONSE 200 {"content-type":"application/json; charset=UTF-8","vary":"X-Origin, Referer, Origin,Accept-Encoding","date":"Sat, 22 May 2021 09:55:11 GMT","server":"ESF","cache-control":"private","x-xss-protection":"0","x-frame-options":"SAMEORIGIN","x-content-type-options":"nosniff","server-timing":"gfet4t7; dur=1185","alt-svc":"h3-29=\":443\"; ma=2592000,h3-T051=\":443\"; ma=2592000,h3-Q050=\":443\"; ma=2592000,h3-Q046=\":443\"; ma=2592000,h3-Q043=\":443\"; ma=2592000,quic=\":443\"; ma=2592000; v=\"46,43\"","accept-ranges":"none","transfer-encoding":"chunked"}
[debug] [2021-05-22T09:55:11.272Z] > refreshing access token with scopes: []
[debug] [2021-05-22T09:55:11.272Z] >>> HTTP REQUEST POST https://www.googleapis.com/oauth2/v3/token  
 <request body omitted>
[debug] [2021-05-22T09:55:12.037Z] <<< HTTP RESPONSE 200 {"date":"Sat, 22 May 2021 09:55:12 GMT","pragma":"no-cache","cache-control":"no-cache, no-store, max-age=0, must-revalidate","expires":"Mon, 01 Jan 1990 00:00:00 GMT","content-type":"application/json; charset=utf-8","vary":"X-Origin, Referer, Origin,Accept-Encoding","server":"scaffolding on HTTPServer2","x-xss-protection":"0","x-frame-options":"SAMEORIGIN","x-content-type-options":"nosniff","alt-svc":"h3-29=\":443\"; ma=2592000,h3-T051=\":443\"; ma=2592000,h3-Q050=\":443\"; ma=2592000,h3-Q046=\":443\"; ma=2592000,h3-Q043=\":443\"; ma=2592000,quic=\":443\"; ma=2592000; v=\"46,43\"","accept-ranges":"none","transfer-encoding":"chunked"}
[debug] [2021-05-22T09:55:12.061Z] >>> [apiv2][query] GET https://firebase.googleapis.com/v1beta1/projects/my3dprints-f727e [none]
[debug] [2021-05-22T09:55:12.915Z] <<< [apiv2][status] GET https://firebase.googleapis.com/v1beta1/projects/my3dprints-f727e 200
[debug] [2021-05-22T09:55:12.915Z] <<< [apiv2][body] GET https://firebase.googleapis.com/v1beta1/projects/my3dprints-f727e {"projectId":"my3dprints-f727e","projectNumber":"16001692881","displayName":"my3dprints","name":"projects/my3dprints-f727e","resources":{"hostingSite":"my3dprints-f727e","storageBucket":"my3dprints-f727e.appspot.com","locationId":"asia-northeast2"},"state":"ACTIVE"}
[info] 
[info] === Serving from '/mnt/p/my3dp-projects'...
[info] 
[debug] [2021-05-22T09:55:12.918Z] >>> [apiv2][query] GET https://firebasehosting.googleapis.com/v1beta1/projects/my3dprints-f727e/sites 
[info] ✔  functions: Using node@12 from host. {"metadata":{"emulator":{"name":"functions"},"message":"Using node@12 from host."}}
[debug] [2021-05-22T09:55:12.933Z] defaultcredentials: writing to file /home/sharan/.config/firebase/sharankasandula_gmail_com_application_default_credentials.json
[debug] [2021-05-22T09:55:12.934Z] Setting GAC to /home/sharan/.config/firebase/sharankasandula_gmail_com_application_default_credentials.json {"metadata":{"emulator":{"name":"functions"},"message":"Setting GAC to /home/sharan/.config/firebase/sharankasandula_gmail_com_application_default_credentials.json"}}
[debug] [2021-05-22T09:55:12.935Z] >>> [apiv2][query] GET https://firebase.googleapis.com/v1beta1/projects/my3dprints-f727e/adminSdkConfig [none]
[debug] [2021-05-22T09:55:14.382Z] <<< [apiv2][status] GET https://firebase.googleapis.com/v1beta1/projects/my3dprints-f727e/adminSdkConfig 200
[debug] [2021-05-22T09:55:14.382Z] <<< [apiv2][body] GET https://firebase.googleapis.com/v1beta1/projects/my3dprints-f727e/adminSdkConfig {"projectId":"my3dprints-f727e","storageBucket":"my3dprints-f727e.appspot.com","locationId":"asia-northeast2"}
[debug] [2021-05-22T09:55:15.096Z] <<< [apiv2][status] GET https://firebasehosting.googleapis.com/v1beta1/projects/my3dprints-f727e/sites 200
[debug] [2021-05-22T09:55:15.097Z] <<< [apiv2][body] GET https://firebasehosting.googleapis.com/v1beta1/projects/my3dprints-f727e/sites {"sites":[{"name":"projects/16001692881/sites/my3dprints-f727e","defaultUrl":"https://my3dprints-f727e.web.app","appId":"1:16001692881:web:b663d1a7d69073636201f0","type":"DEFAULT_SITE"}]}
[debug] [2021-05-22T09:55:15.097Z] >>> [apiv2][query] GET https://firebase.googleapis.com/v1beta1/projects/my3dprints-f727e/webApps/1:16001692881:web:b663d1a7d69073636201f0/config [none]
[debug] [2021-05-22T09:55:25.045Z] <<< [apiv2][status] GET https://firebase.googleapis.com/v1beta1/projects/my3dprints-f727e/webApps/1:16001692881:web:b663d1a7d69073636201f0/config 200
[debug] [2021-05-22T09:55:25.045Z] <<< [apiv2][body] GET https://firebase.googleapis.com/v1beta1/projects/my3dprints-f727e/webApps/1:16001692881:web:b663d1a7d69073636201f0/config {"projectId":"my3dprints-f727e","appId":"1:16001692881:web:b663d1a7d69073636201f0","storageBucket":"my3dprints-f727e.appspot.com","locationId":"asia-northeast2","apiKey":"AIzaSyBSyXeSfLruO0eD9EFtKTSyaqyyNt8iWTc","authDomain":"my3dprints-f727e.firebaseapp.com","messagingSenderId":"16001692881"}
[info] i  functions: Watching "/mnt/p/my3dp-projects/functions" for Cloud Functions... {"metadata":{"emulator":{"name":"functions"},"message":"Watching \"/mnt/p/my3dp-projects/functions\" for Cloud Functions..."}}
[debug] [2021-05-22T09:55:25.072Z] [worker-pool] addWorker(~diagnostic~) {"metadata":{"emulator":{"name":"functions"},"message":"[worker-pool] addWorker(~diagnostic~)"}}
[debug] [2021-05-22T09:55:25.073Z] [worker-pool] Adding worker with key ~diagnostic~, total=1 {"metadata":{"emulator":{"name":"functions"},"message":"[worker-pool] Adding worker with key ~diagnostic~, total=1"}}
[debug] [2021-05-22T09:55:25.073Z] [worker-pool] submitWork(triggerId=) {"metadata":{"emulator":{"name":"functions"},"message":"[worker-pool] submitWork(triggerId=)"}}
[debug] [2021-05-22T09:55:25.073Z] [worker-~diagnostic~-c1708609-3688-4672-a6ce-ce747687495e]: Assigning socketPath: /tmp/fire_emu_603.sock {"metadata":{"emulator":{"name":"functions"},"message":"[worker-~diagnostic~-c1708609-3688-4672-a6ce-ce747687495e]: Assigning socketPath: /tmp/fire_emu_603.sock"}}
[debug] [2021-05-22T09:55:25.073Z] [worker-~diagnostic~-c1708609-3688-4672-a6ce-ce747687495e]: BUSY {"metadata":{"emulator":{"name":"functions"},"message":"[worker-~diagnostic~-c1708609-3688-4672-a6ce-ce747687495e]: BUSY"}}
[info] i  hosting[my3dp-projects]: Serving hosting files from: dist/my3dp-projects {"metadata":{"emulator":{"name":"hosting"},"message":"Serving hosting files from: \u001b[1mdist/my3dp-projects\u001b[22m"}}
[info] ✔  hosting[my3dp-projects]: Local server: http://localhost:5000 {"metadata":{"emulator":{"name":"hosting"},"message":"Local server: \u001b[4m\u001b[1mhttp://localhost:5000\u001b[22m\u001b[24m"}}
[debug] [2021-05-22T09:55:25.209Z] [runtime-status] [603] Functions runtime initialized. {"cwd":"/mnt/p/my3dp-projects/functions","node_version":"12.18.3"} {"metadata":{"emulator":{"name":"functions"},"message":"[runtime-status] [603] Functions runtime initialized. {\"cwd\":\"/mnt/p/my3dp-projects/functions\",\"node_version\":\"12.18.3\"}"}}
[debug] [2021-05-22T09:55:25.209Z] [runtime-status] [603] Disabled runtime features: undefined {"metadata":{"emulator":{"name":"functions"},"message":"[runtime-status] [603] Disabled runtime features: undefined"}}
[debug] [2021-05-22T09:55:25.233Z] [runtime-status] [603] Resolved module firebase-admin {"declared":true,"installed":true,"version":"9.8.0","resolution":"/mnt/p/my3dp-projects/functions/node_modules/firebase-admin/lib/index.js"} {"metadata":{"emulator":{"name":"functions"},"message":"[runtime-status] [603] Resolved module firebase-admin {\"declared\":true,\"installed\":true,\"version\":\"9.8.0\",\"resolution\":\"/mnt/p/my3dp-projects/functions/node_modules/firebase-admin/lib/index.js\"}"}}
[debug] [2021-05-22T09:55:25.251Z] [runtime-status] [603] Resolved module firebase-functions {"declared":true,"installed":true,"version":"3.14.1","resolution":"/mnt/p/my3dp-projects/functions/node_modules/firebase-functions/lib/index.js"} {"metadata":{"emulator":{"name":"functions"},"message":"[runtime-status] [603] Resolved module firebase-functions {\"declared\":true,\"installed\":true,\"version\":\"3.14.1\",\"resolution\":\"/mnt/p/my3dp-projects/functions/node_modules/firebase-functions/lib/index.js\"}"}}
[debug] [2021-05-22T09:55:25.256Z] [runtime-status] [603] Resolved module firebase-functions {"declared":true,"installed":true,"version":"3.14.1","resolution":"/mnt/p/my3dp-projects/functions/node_modules/firebase-functions/lib/index.js"} {"metadata":{"emulator":{"name":"functions"},"message":"[runtime-status] [603] Resolved module firebase-functions {\"declared\":true,\"installed\":true,\"version\":\"3.14.1\",\"resolution\":\"/mnt/p/my3dp-projects/functions/node_modules/firebase-functions/lib/index.js\"}"}}
[debug] [2021-05-22T09:55:25.258Z] [runtime-status] [603] Outgoing network have been stubbed. [{"name":"http","status":"mocked"},{"name":"http","status":"mocked"},{"name":"https","status":"mocked"},{"name":"https","status":"mocked"},{"name":"net","status":"mocked"}] {"metadata":{"emulator":{"name":"functions"},"message":"[runtime-status] [603] Outgoing network have been stubbed. [{\"name\":\"http\",\"status\":\"mocked\"},{\"name\":\"http\",\"status\":\"mocked\"},{\"name\":\"https\",\"status\":\"mocked\"},{\"name\":\"https\",\"status\":\"mocked\"},{\"name\":\"net\",\"status\":\"mocked\"}]"}}
[debug] [2021-05-22T09:55:25.263Z] [runtime-status] [603] Resolved module firebase-functions {"declared":true,"installed":true,"version":"3.14.1","resolution":"/mnt/p/my3dp-projects/functions/node_modules/firebase-functions/lib/index.js"} {"metadata":{"emulator":{"name":"functions"},"message":"[runtime-status] [603] Resolved module firebase-functions {\"declared\":true,\"installed\":true,\"version\":\"3.14.1\",\"resolution\":\"/mnt/p/my3dp-projects/functions/node_modules/firebase-functions/lib/index.js\"}"}}
[debug] [2021-05-22T09:55:25.708Z] [runtime-status] [603] Checked functions.config() {"config":{}} {"metadata":{"emulator":{"name":"functions"},"message":"[runtime-status] [603] Checked functions.config() {\"config\":{}}"}}
[debug] [2021-05-22T09:55:25.708Z] [runtime-status] [603] firebase-functions has been stubbed. {"functionsResolution":{"declared":true,"installed":true,"version":"3.14.1","resolution":"/mnt/p/my3dp-projects/functions/node_modules/firebase-functions/lib/index.js"}} {"metadata":{"emulator":{"name":"functions"},"message":"[runtime-status] [603] firebase-functions has been stubbed. {\"functionsResolution\":{\"declared\":true,\"installed\":true,\"version\":\"3.14.1\",\"resolution\":\"/mnt/p/my3dp-projects/functions/node_modules/firebase-functions/lib/index.js\"}}"}}
[debug] [2021-05-22T09:55:25.714Z] [runtime-status] [603] Resolved module firebase-functions {"declared":true,"installed":true,"version":"3.14.1","resolution":"/mnt/p/my3dp-projects/functions/node_modules/firebase-functions/lib/index.js"} {"metadata":{"emulator":{"name":"functions"},"message":"[runtime-status] [603] Resolved module firebase-functions {\"declared\":true,\"installed\":true,\"version\":\"3.14.1\",\"resolution\":\"/mnt/p/my3dp-projects/functions/node_modules/firebase-functions/lib/index.js\"}"}}
[debug] [2021-05-22T09:55:25.726Z] [runtime-status] [603] Resolved module firebase-admin {"declared":true,"installed":true,"version":"9.8.0","resolution":"/mnt/p/my3dp-projects/functions/node_modules/firebase-admin/lib/index.js"} {"metadata":{"emulator":{"name":"functions"},"message":"[runtime-status] [603] Resolved module firebase-admin {\"declared\":true,\"installed\":true,\"version\":\"9.8.0\",\"resolution\":\"/mnt/p/my3dp-projects/functions/node_modules/firebase-admin/lib/index.js\"}"}}
[debug] [2021-05-22T09:55:25.732Z] [runtime-status] [603] Resolved module firebase-functions {"declared":true,"installed":true,"version":"3.14.1","resolution":"/mnt/p/my3dp-projects/functions/node_modules/firebase-functions/lib/index.js"} {"metadata":{"emulator":{"name":"functions"},"message":"[runtime-status] [603] Resolved module firebase-functions {\"declared\":true,\"installed\":true,\"version\":\"3.14.1\",\"resolution\":\"/mnt/p/my3dp-projects/functions/node_modules/firebase-functions/lib/index.js\"}"}}
[debug] [2021-05-22T09:55:25.732Z] [runtime-status] [603] firebase-admin has been stubbed. {"adminResolution":{"declared":true,"installed":true,"version":"9.8.0","resolution":"/mnt/p/my3dp-projects/functions/node_modules/firebase-admin/lib/index.js"}} {"metadata":{"emulator":{"name":"functions"},"message":"[runtime-status] [603] firebase-admin has been stubbed. {\"adminResolution\":{\"declared\":true,\"installed\":true,\"version\":\"9.8.0\",\"resolution\":\"/mnt/p/my3dp-projects/functions/node_modules/firebase-admin/lib/index.js\"}}"}}
[warn] ⚠  Error: Cannot find module 'puppeteer'
Require stack:
- /mnt/p/my3dp-projects/functions/index.js
- /home/sharan/.nvm/versions/node/v12.18.3/lib/node_modules/firebase-tools/lib/emulator/functionsEmulatorRuntime.js
    at Function.Module._resolveFilename (internal/modules/cjs/loader.js:965:15)
    at Function.Module._load (internal/modules/cjs/loader.js:841:27)
    at Module.require (internal/modules/cjs/loader.js:1025:19)
    at require (internal/modules/cjs/helpers.js:72:18)
    at Object.<anonymous> (/mnt/p/my3dp-projects/functions/index.js:2:19)
    at Module._compile (internal/modules/cjs/loader.js:1137:30)
    at Object.Module._extensions..js (internal/modules/cjs/loader.js:1157:10)
    at Module.load (internal/modules/cjs/loader.js:985:32)
    at Function.Module._load (internal/modules/cjs/loader.js:878:14)
    at Module.require (internal/modules/cjs/loader.js:1025:19) {"metadata":{"emulator":{"name":"functions"},"message":"Error: Cannot find module 'puppeteer'\nRequire stack:\n- /mnt/p/my3dp-projects/functions/index.js\n- /home/sharan/.nvm/versions/node/v12.18.3/lib/node_modules/firebase-tools/lib/emulator/functionsEmulatorRuntime.js\n    at Function.Module._resolveFilename (internal/modules/cjs/loader.js:965:15)\n    at Function.Module._load (internal/modules/cjs/loader.js:841:27)\n    at Module.require (internal/modules/cjs/loader.js:1025:19)\n    at require (internal/modules/cjs/helpers.js:72:18)\n    at Object.<anonymous> (/mnt/p/my3dp-projects/functions/index.js:2:19)\n    at Module._compile (internal/modules/cjs/loader.js:1137:30)\n    at Object.Module._extensions..js (internal/modules/cjs/loader.js:1157:10)\n    at Module.load (internal/modules/cjs/loader.js:985:32)\n    at Function.Module._load (internal/modules/cjs/loader.js:878:14)\n    at Module.require (internal/modules/cjs/loader.js:1025:19)"}}
[warn] ⚠  We were unable to load your functions code. (see above) {"metadata":{"emulator":{"name":"functions"}}}
[debug] [2021-05-22T09:55:25.759Z] [worker-~diagnostic~-c1708609-3688-4672-a6ce-ce747687495e]: exited {"metadata":{"emulator":{"name":"functions"},"message":"[worker-~diagnostic~-c1708609-3688-4672-a6ce-ce747687495e]: exited"}}
[debug] [2021-05-22T09:55:25.759Z] [worker-~diagnostic~-c1708609-3688-4672-a6ce-ce747687495e]: FINISHED {"metadata":{"emulator":{"name":"functions"},"message":"[worker-~diagnostic~-c1708609-3688-4672-a6ce-ce747687495e]: FINISHED"}}
